2025-05-26 10:27:35.602 [info] Reading sessions from keychain...
2025-05-26 10:27:35.602 [info] Getting sessions for all scopes...
2025-05-26 10:27:35.602 [info] Getting sessions for all scopes...
2025-05-26 10:27:35.602 [info] Getting sessions for all scopes...
2025-05-26 10:27:35.602 [info] Getting sessions for all scopes...
2025-05-26 10:27:35.602 [info] Getting sessions for all scopes...
2025-05-26 10:27:35.602 [info] Getting sessions for all scopes...
2025-05-26 10:27:35.602 [info] Getting sessions for all scopes...
2025-05-26 10:27:35.602 [info] Got stored sessions!
2025-05-26 10:27:35.602 [info] Got 2 verified sessions.
2025-05-26 10:27:35.602 [info] Got 2 sessions for ...
2025-05-26 10:27:35.602 [info] Got 2 sessions for ...
2025-05-26 10:27:35.602 [info] Got 2 sessions for ...
2025-05-26 10:27:35.602 [info] Got 2 sessions for ...
2025-05-26 10:27:35.602 [info] Got 2 sessions for ...
2025-05-26 10:27:35.602 [info] Got 2 sessions for ...
2025-05-26 10:27:35.602 [info] Got 2 sessions for ...
2025-05-26 10:27:35.602 [info] Getting sessions for all scopes...
2025-05-26 10:27:35.602 [info] Got 2 sessions for ...
2025-05-26 10:27:35.612 [info] Getting sessions for all scopes...
2025-05-26 10:27:35.612 [info] Got 2 sessions for ...
2025-05-26 10:27:35.618 [info] Getting sessions for all scopes...
2025-05-26 10:27:35.618 [info] Got 2 sessions for ...
2025-05-26 10:27:35.618 [info] Getting sessions for all scopes...
2025-05-26 10:27:35.618 [info] Got 2 sessions for ...
2025-05-26 10:27:35.618 [info] Getting sessions for all scopes...
2025-05-26 10:27:35.618 [info] Got 2 sessions for ...
2025-05-26 10:27:35.618 [info] Getting sessions for all scopes...
2025-05-26 10:27:35.618 [info] Got 2 sessions for ...
2025-05-26 10:27:35.618 [info] Getting sessions for all scopes...
2025-05-26 10:27:35.618 [info] Got 2 sessions for ...
2025-05-26 10:27:36.455 [info] Getting sessions for all scopes...
2025-05-26 10:27:36.455 [info] Got 2 sessions for ...
2025-05-26 10:27:36.600 [info] Getting sessions for all scopes...
2025-05-26 10:27:36.600 [info] Got 2 sessions for ...
2025-05-26 10:27:36.600 [info] Getting sessions for all scopes...
2025-05-26 10:27:36.600 [info] Got 2 sessions for ...
2025-05-26 10:27:36.632 [info] Getting sessions for all scopes...
2025-05-26 10:27:36.632 [info] Got 2 sessions for ...
2025-05-26 10:27:36.727 [info] Getting sessions for all scopes...
2025-05-26 10:27:36.727 [info] Got 2 sessions for ...
2025-05-26 10:27:36.727 [info] Getting sessions for read:user,repo,user:email,workflow...
2025-05-26 10:27:36.727 [info] Got 1 sessions for read:user,repo,user:email,workflow...
2025-05-26 10:27:36.737 [info] Getting sessions for read:user,repo,user:email,workflow...
2025-05-26 10:27:36.737 [info] Got 1 sessions for read:user,repo,user:email,workflow...
2025-05-26 10:27:36.921 [info] Getting sessions for all scopes...
2025-05-26 10:27:36.921 [info] Got 2 sessions for ...
2025-05-26 10:27:36.995 [info] Getting sessions for read:user,repo,user:email,workflow...
2025-05-26 10:27:36.995 [info] Got 1 sessions for read:user,repo,user:email,workflow...
2025-05-26 10:27:36.996 [info] Getting sessions for all scopes...
2025-05-26 10:27:36.996 [info] Got 2 sessions for ...
2025-05-26 10:27:36.997 [info] Getting sessions for read:user,repo,user:email,workflow...
2025-05-26 10:27:36.997 [info] Got 1 sessions for read:user,repo,user:email,workflow...
2025-05-26 10:27:37.146 [info] Getting sessions for all scopes...
2025-05-26 10:27:37.146 [info] Got 2 sessions for ...
2025-05-26 10:27:37.197 [info] Getting sessions for read:user,repo,user:email,workflow...
2025-05-26 10:27:37.197 [info] Got 1 sessions for read:user,repo,user:email,workflow...
2025-05-26 10:27:37.620 [info] Getting sessions for all scopes...
2025-05-26 10:27:37.620 [info] Got 2 sessions for ...
2025-05-26 10:27:38.069 [info] Getting sessions for all scopes...
2025-05-26 10:27:38.069 [info] Got 2 sessions for ...
2025-05-26 10:27:38.070 [info] Getting sessions for all scopes...
2025-05-26 10:27:38.070 [info] Got 2 sessions for ...
2025-05-26 10:27:38.070 [info] Getting sessions for read:user,repo,user:email,workflow...
2025-05-26 10:27:38.070 [info] Got 1 sessions for read:user,repo,user:email,workflow...
2025-05-26 10:27:38.077 [info] Getting sessions for all scopes...
2025-05-26 10:27:38.077 [info] Got 2 sessions for ...
2025-05-26 10:27:38.078 [info] Getting sessions for read:user,repo,user:email,workflow...
2025-05-26 10:27:38.078 [info] Got 1 sessions for read:user,repo,user:email,workflow...
2025-05-26 10:27:38.112 [info] Getting sessions for all scopes...
2025-05-26 10:27:38.112 [info] Got 2 sessions for ...
2025-05-26 10:27:38.113 [info] Getting sessions for read:user,repo,user:email,workflow...
2025-05-26 10:27:38.113 [info] Got 1 sessions for read:user,repo,user:email,workflow...
2025-05-26 10:27:38.115 [info] Getting sessions for all scopes...
2025-05-26 10:27:38.115 [info] Got 2 sessions for ...
2025-05-26 10:27:38.116 [info] Getting sessions for all scopes...
2025-05-26 10:27:38.116 [info] Got 2 sessions for ...
2025-05-26 10:27:39.389 [info] Getting sessions for all scopes...
2025-05-26 10:27:39.389 [info] Got 2 sessions for ...
2025-05-26 10:27:39.390 [info] Getting sessions for read:user,repo,user:email,workflow...
2025-05-26 10:27:39.390 [info] Got 1 sessions for read:user,repo,user:email,workflow...
