2025-05-26 09:59:37.533 [info] Reading sessions from keychain...
2025-05-26 09:59:37.533 [info] Getting sessions for all scopes...
2025-05-26 09:59:37.533 [info] Getting sessions for all scopes...
2025-05-26 09:59:37.533 [info] Getting sessions for all scopes...
2025-05-26 09:59:37.533 [info] Got stored sessions!
2025-05-26 09:59:37.533 [info] Got 1 verified sessions.
2025-05-26 09:59:37.533 [info] Got 1 sessions for ...
2025-05-26 09:59:37.533 [info] Got 1 sessions for ...
2025-05-26 09:59:37.533 [info] Got 1 sessions for ...
2025-05-26 09:59:37.533 [info] Getting sessions for all scopes...
2025-05-26 09:59:37.533 [info] Got 1 sessions for ...
2025-05-26 09:59:37.533 [info] Getting sessions for all scopes...
2025-05-26 09:59:37.533 [info] Got 1 sessions for ...
2025-05-26 09:59:37.533 [info] Getting sessions for all scopes...
2025-05-26 09:59:37.533 [info] Got 1 sessions for ...
2025-05-26 09:59:37.533 [info] Getting sessions for all scopes...
2025-05-26 09:59:37.533 [info] Got 1 sessions for ...
2025-05-26 09:59:37.533 [info] Getting sessions for all scopes...
2025-05-26 09:59:37.533 [info] Got 1 sessions for ...
2025-05-26 09:59:37.533 [info] Getting sessions for all scopes...
2025-05-26 09:59:37.533 [info] Got 1 sessions for ...
2025-05-26 09:59:37.533 [info] Getting sessions for all scopes...
2025-05-26 09:59:37.533 [info] Got 1 sessions for ...
2025-05-26 09:59:37.533 [info] Getting sessions for all scopes...
2025-05-26 09:59:37.533 [info] Got 1 sessions for ...
2025-05-26 09:59:37.533 [info] Getting sessions for all scopes...
2025-05-26 09:59:37.533 [info] Got 1 sessions for ...
2025-05-26 09:59:37.533 [info] Getting sessions for all scopes...
2025-05-26 09:59:37.533 [info] Got 1 sessions for ...
2025-05-26 09:59:37.533 [info] Getting sessions for all scopes...
2025-05-26 09:59:37.533 [info] Got 1 sessions for ...
2025-05-26 09:59:37.533 [info] Getting sessions for all scopes...
2025-05-26 09:59:37.533 [info] Got 1 sessions for ...
2025-05-26 09:59:38.673 [info] Getting sessions for all scopes...
2025-05-26 09:59:38.673 [info] Got 1 sessions for ...
2025-05-26 10:00:28.339 [info] Reading sessions from keychain...
2025-05-26 10:00:28.339 [info] Got stored sessions!
2025-05-26 10:00:28.339 [info] Got 2 verified sessions.
2025-05-26 10:00:28.340 [info] Adding session found in keychain
2025-05-26 10:00:28.340 [info] Getting sessions for all scopes...
2025-05-26 10:00:28.340 [info] Got 2 sessions for ...
2025-05-26 10:00:28.340 [info] Getting sessions for all scopes...
2025-05-26 10:00:28.340 [info] Got 2 sessions for ...
2025-05-26 10:00:28.341 [info] Getting sessions for all scopes...
2025-05-26 10:00:28.341 [info] Got 2 sessions for ...
