2025-05-26 10:43:31.273 [info] Reading sessions from keychain...
2025-05-26 10:43:31.273 [info] Getting sessions for all scopes...
2025-05-26 10:43:31.273 [info] Getting sessions for all scopes...
2025-05-26 10:43:31.273 [info] Getting sessions for all scopes...
2025-05-26 10:43:31.273 [info] Getting sessions for all scopes...
2025-05-26 10:43:31.273 [info] Getting sessions for all scopes...
2025-05-26 10:43:31.273 [info] Getting sessions for all scopes...
2025-05-26 10:43:31.273 [info] Getting sessions for all scopes...
2025-05-26 10:43:31.273 [info] Getting sessions for all scopes...
2025-05-26 10:43:31.273 [info] Got stored sessions!
2025-05-26 10:43:31.273 [info] Got 3 verified sessions.
2025-05-26 10:43:31.273 [info] Got 3 sessions for ...
2025-05-26 10:43:31.273 [info] Got 3 sessions for ...
2025-05-26 10:43:31.273 [info] Got 3 sessions for ...
2025-05-26 10:43:31.273 [info] Got 3 sessions for ...
2025-05-26 10:43:31.273 [info] Got 3 sessions for ...
2025-05-26 10:43:31.273 [info] Got 3 sessions for ...
2025-05-26 10:43:31.273 [info] Got 3 sessions for ...
2025-05-26 10:43:31.273 [info] Got 3 sessions for ...
2025-05-26 10:43:31.273 [info] Getting sessions for all scopes...
2025-05-26 10:43:31.273 [info] Got 3 sessions for ...
2025-05-26 10:43:31.273 [info] Getting sessions for all scopes...
2025-05-26 10:43:31.273 [info] Got 3 sessions for ...
2025-05-26 10:43:31.273 [info] Getting sessions for all scopes...
2025-05-26 10:43:31.273 [info] Got 3 sessions for ...
2025-05-26 10:43:31.273 [info] Getting sessions for all scopes...
2025-05-26 10:43:31.273 [info] Got 3 sessions for ...
2025-05-26 10:43:31.273 [info] Getting sessions for all scopes...
2025-05-26 10:43:31.273 [info] Got 3 sessions for ...
2025-05-26 10:43:31.273 [info] Getting sessions for all scopes...
2025-05-26 10:43:31.273 [info] Got 3 sessions for ...
2025-05-26 10:43:31.354 [info] Getting sessions for all scopes...
2025-05-26 10:43:31.354 [info] Got 3 sessions for ...
2025-05-26 10:43:32.221 [info] Getting sessions for all scopes...
2025-05-26 10:43:32.221 [info] Got 3 sessions for ...
2025-05-26 10:43:32.221 [info] Getting sessions for all scopes...
2025-05-26 10:43:32.221 [info] Got 3 sessions for ...
2025-05-26 10:43:32.239 [info] Getting sessions for all scopes...
2025-05-26 10:43:32.239 [info] Got 3 sessions for ...
2025-05-26 10:43:32.331 [info] Getting sessions for all scopes...
2025-05-26 10:43:32.331 [info] Got 3 sessions for ...
2025-05-26 10:43:32.334 [info] Getting sessions for read:user,repo,user:email,workflow...
2025-05-26 10:43:32.334 [info] Got 1 sessions for read:user,repo,user:email,workflow...
2025-05-26 10:43:32.345 [info] Getting sessions for read:user,repo,user:email,workflow...
2025-05-26 10:43:32.345 [info] Got 1 sessions for read:user,repo,user:email,workflow...
2025-05-26 10:43:32.537 [info] Getting sessions for read:user,repo,user:email,workflow...
2025-05-26 10:43:32.537 [info] Got 1 sessions for read:user,repo,user:email,workflow...
2025-05-26 10:43:32.538 [info] Getting sessions for all scopes...
2025-05-26 10:43:32.538 [info] Got 3 sessions for ...
2025-05-26 10:43:32.696 [info] Getting sessions for read:user,repo,user:email,workflow...
2025-05-26 10:43:32.696 [info] Got 1 sessions for read:user,repo,user:email,workflow...
2025-05-26 10:43:32.786 [info] Getting sessions for all scopes...
2025-05-26 10:43:32.786 [info] Got 3 sessions for ...
2025-05-26 10:43:32.787 [info] Getting sessions for all scopes...
2025-05-26 10:43:32.787 [info] Got 3 sessions for ...
2025-05-26 10:43:32.884 [info] Getting sessions for read:user,repo,user:email,workflow...
2025-05-26 10:43:32.884 [info] Got 1 sessions for read:user,repo,user:email,workflow...
2025-05-26 10:43:32.900 [info] Getting sessions for user:email...
2025-05-26 10:43:32.900 [info] Got 1 sessions for user:email...
2025-05-26 10:43:33.144 [info] Getting sessions for all scopes...
2025-05-26 10:43:33.144 [info] Got 3 sessions for ...
2025-05-26 10:43:33.407 [info] Getting sessions for all scopes...
2025-05-26 10:43:33.407 [info] Got 3 sessions for ...
2025-05-26 10:43:33.407 [info] Getting sessions for read:user,repo,user:email,workflow...
2025-05-26 10:43:33.407 [info] Got 1 sessions for read:user,repo,user:email,workflow...
2025-05-26 10:43:33.901 [info] Getting sessions for all scopes...
2025-05-26 10:43:33.901 [info] Got 3 sessions for ...
2025-05-26 10:43:33.901 [info] Getting sessions for all scopes...
2025-05-26 10:43:33.901 [info] Got 3 sessions for ...
2025-05-26 10:43:33.907 [info] Getting sessions for read:user,repo,user:email,workflow...
2025-05-26 10:43:33.907 [info] Got 1 sessions for read:user,repo,user:email,workflow...
2025-05-26 10:43:33.909 [info] Getting sessions for all scopes...
2025-05-26 10:43:33.909 [info] Got 3 sessions for ...
2025-05-26 10:43:33.910 [info] Getting sessions for read:user,repo,user:email,workflow...
2025-05-26 10:43:33.910 [info] Got 1 sessions for read:user,repo,user:email,workflow...
2025-05-26 10:43:33.942 [info] Getting sessions for all scopes...
2025-05-26 10:43:33.942 [info] Got 3 sessions for ...
2025-05-26 10:43:33.943 [info] Getting sessions for read:user,repo,user:email,workflow...
2025-05-26 10:43:33.943 [info] Got 1 sessions for read:user,repo,user:email,workflow...
2025-05-26 10:43:33.945 [info] Getting sessions for all scopes...
2025-05-26 10:43:33.945 [info] Got 3 sessions for ...
2025-05-26 10:43:33.945 [info] Getting sessions for all scopes...
2025-05-26 10:43:33.945 [info] Got 3 sessions for ...
2025-05-26 10:43:35.204 [info] Getting sessions for all scopes...
2025-05-26 10:43:35.204 [info] Got 3 sessions for ...
2025-05-26 10:43:35.205 [info] Getting sessions for read:user,repo,user:email,workflow...
2025-05-26 10:43:35.205 [info] Got 1 sessions for read:user,repo,user:email,workflow...
