2025-05-26 09:23:28.690 [info] Reading sessions from keychain...
2025-05-26 09:23:28.690 [info] Getting sessions for all scopes...
2025-05-26 09:23:28.690 [info] Getting sessions for all scopes...
2025-05-26 09:23:28.690 [info] Getting sessions for all scopes...
2025-05-26 09:23:28.690 [info] Got 0 sessions for ...
2025-05-26 09:23:28.690 [info] Got 0 sessions for ...
2025-05-26 09:23:28.690 [info] Got 0 sessions for ...
2025-05-26 09:23:28.690 [info] Getting sessions for all scopes...
2025-05-26 09:23:28.690 [info] Got 0 sessions for ...
2025-05-26 09:23:28.690 [info] Getting sessions for all scopes...
2025-05-26 09:23:28.690 [info] Got 0 sessions for ...
2025-05-26 09:23:28.690 [info] Getting sessions for all scopes...
2025-05-26 09:23:28.690 [info] Got 0 sessions for ...
2025-05-26 09:23:28.690 [info] Getting sessions for all scopes...
2025-05-26 09:23:28.690 [info] Got 0 sessions for ...
2025-05-26 09:23:28.690 [info] Getting sessions for all scopes...
2025-05-26 09:23:28.690 [info] Got 0 sessions for ...
2025-05-26 09:23:28.690 [info] Getting sessions for all scopes...
2025-05-26 09:23:28.690 [info] Got 0 sessions for ...
2025-05-26 09:23:28.705 [info] Getting sessions for all scopes...
2025-05-26 09:23:28.705 [info] Got 0 sessions for ...
2025-05-26 09:23:28.706 [info] Getting sessions for all scopes...
2025-05-26 09:23:28.706 [info] Got 0 sessions for ...
2025-05-26 09:23:28.706 [info] Getting sessions for all scopes...
2025-05-26 09:23:28.706 [info] Got 0 sessions for ...
2025-05-26 09:23:28.706 [info] Getting sessions for all scopes...
2025-05-26 09:23:28.706 [info] Got 0 sessions for ...
2025-05-26 09:23:28.706 [info] Getting sessions for all scopes...
2025-05-26 09:23:28.706 [info] Got 0 sessions for ...
2025-05-26 09:23:28.706 [info] Getting sessions for all scopes...
2025-05-26 09:23:28.706 [info] Got 0 sessions for ...
2025-05-26 09:23:30.669 [info] Getting sessions for all scopes...
2025-05-26 09:23:30.669 [info] Got 0 sessions for ...
2025-05-26 09:23:34.583 [info] Getting sessions for codespace,read:user,repo,user:email...
2025-05-26 09:23:34.583 [info] Got 0 sessions for codespace,read:user,repo,user:email...
2025-05-26 09:23:34.589 [info] Getting sessions for codespace,read:user,repo,user:email...
2025-05-26 09:23:34.589 [info] Got 0 sessions for codespace,read:user,repo,user:email...
2025-05-26 09:23:34.739 [info] Getting sessions for codespace,read:user,repo,user:email...
2025-05-26 09:23:34.739 [info] Got 0 sessions for codespace,read:user,repo,user:email...
2025-05-26 09:23:36.776 [info] Logging in with 'any' account...
2025-05-26 09:23:36.776 [info] Logging in for the following scopes: codespace read:user repo user:email
2025-05-26 09:23:36.790 [info] Trying without local server... (codespace read:user repo user:email)
2025-05-26 09:23:39.993 [info] Exchanging code for token...
2025-05-26 09:23:40.411 [info] Token exchange success!
2025-05-26 09:23:40.412 [info] Getting user info...
2025-05-26 09:23:40.827 [info] Got account info!
2025-05-26 09:23:40.828 [info] Storing 1 sessions...
2025-05-26 09:23:43.171 [info] Reading sessions from keychain...
2025-05-26 09:23:43.172 [info] Stored 1 sessions!
2025-05-26 09:23:43.172 [info] Login success!
2025-05-26 09:23:43.172 [info] Getting sessions for all scopes...
2025-05-26 09:23:43.172 [info] Getting sessions for all scopes...
2025-05-26 09:23:43.172 [info] Getting sessions for all scopes...
2025-05-26 09:23:43.172 [info] Getting sessions for all scopes...
2025-05-26 09:23:43.196 [info] Got stored sessions!
2025-05-26 09:23:43.196 [info] Got 1 verified sessions.
2025-05-26 09:23:43.196 [info] Got 1 sessions for ...
2025-05-26 09:23:43.196 [info] Got 1 sessions for ...
2025-05-26 09:23:43.196 [info] Got 1 sessions for ...
2025-05-26 09:23:43.196 [info] Got 1 sessions for ...
2025-05-26 09:23:43.196 [info] Getting sessions for all scopes...
2025-05-26 09:23:43.196 [info] Got 1 sessions for ...
2025-05-26 09:23:43.196 [info] Getting sessions for all scopes...
2025-05-26 09:23:43.196 [info] Got 1 sessions for ...
2025-05-26 09:23:43.196 [info] Getting sessions for codespace,read:user,repo,user:email...
2025-05-26 09:23:43.197 [info] Got 1 sessions for codespace,read:user,repo,user:email...
2025-05-26 09:23:45.139 [info] Reading sessions from keychain...
2025-05-26 09:23:45.139 [info] Getting sessions for all scopes...
2025-05-26 09:23:45.139 [info] Getting sessions for all scopes...
2025-05-26 09:23:45.139 [info] Getting sessions for all scopes...
2025-05-26 09:23:45.139 [info] Got stored sessions!
2025-05-26 09:23:45.139 [info] Got 1 verified sessions.
2025-05-26 09:23:45.139 [info] Got 1 sessions for ...
2025-05-26 09:23:45.139 [info] Got 1 sessions for ...
2025-05-26 09:23:45.139 [info] Got 1 sessions for ...
2025-05-26 09:23:45.139 [info] Getting sessions for all scopes...
2025-05-26 09:23:45.139 [info] Got 1 sessions for ...
2025-05-26 09:23:45.139 [info] Getting sessions for codespace,read:user,repo,user:email...
2025-05-26 09:23:45.139 [info] Got 1 sessions for codespace,read:user,repo,user:email...
2025-05-26 09:23:47.098 [info] Getting sessions for all scopes...
2025-05-26 09:23:47.098 [info] Got 1 sessions for ...
2025-05-26 09:23:50.671 [info] Getting sessions for all scopes...
2025-05-26 09:23:50.671 [info] Got 1 sessions for ...
2025-05-26 09:23:50.671 [info] Getting sessions for all scopes...
2025-05-26 09:23:50.671 [info] Got 1 sessions for ...
2025-05-26 09:23:50.671 [info] Getting sessions for all scopes...
2025-05-26 09:23:50.671 [info] Got 1 sessions for ...
2025-05-26 09:23:50.671 [info] Getting sessions for all scopes...
2025-05-26 09:23:50.671 [info] Got 1 sessions for ...
2025-05-26 09:23:50.732 [info] Getting sessions for all scopes...
2025-05-26 09:23:50.732 [info] Got 1 sessions for ...
2025-05-26 09:23:50.778 [info] Getting sessions for all scopes...
2025-05-26 09:23:50.778 [info] Got 1 sessions for ...
2025-05-26 09:23:50.778 [info] Getting sessions for all scopes...
2025-05-26 09:23:50.778 [info] Got 1 sessions for ...
2025-05-26 09:23:50.779 [info] Getting sessions for all scopes...
2025-05-26 09:23:50.779 [info] Got 1 sessions for ...
2025-05-26 09:23:50.779 [info] Getting sessions for all scopes...
2025-05-26 09:23:50.779 [info] Got 1 sessions for ...
2025-05-26 09:23:51.082 [info] Getting sessions for all scopes...
2025-05-26 09:23:51.082 [info] Got 1 sessions for ...
2025-05-26 09:23:51.084 [info] Getting sessions for all scopes...
2025-05-26 09:23:51.084 [info] Got 1 sessions for ...
2025-05-26 09:23:52.533 [info] Getting sessions for read:user,repo,user:email,workflow...
2025-05-26 09:23:52.534 [info] Got 0 sessions for read:user,repo,user:email,workflow...
2025-05-26 09:23:52.846 [info] Getting sessions for project,read:org,read:user,repo,user:email,workflow...
2025-05-26 09:23:52.847 [info] Got 0 sessions for project,read:org,read:user,repo,user:email,workflow...
2025-05-26 09:23:52.976 [info] Getting sessions for read:user,repo,user:email,workflow...
2025-05-26 09:23:52.976 [info] Got 0 sessions for read:user,repo,user:email,workflow...
2025-05-26 09:23:53.073 [info] Getting sessions for read:user,repo,user:email...
2025-05-26 09:23:53.073 [info] Got 0 sessions for read:user,repo,user:email...
2025-05-26 09:23:53.178 [info] Getting sessions for read:user,repo,user:email,workflow...
2025-05-26 09:23:53.178 [info] Got 0 sessions for read:user,repo,user:email,workflow...
2025-05-26 09:57:30.556 [info] Reading sessions from keychain...
2025-05-26 09:57:30.556 [info] Getting sessions for all scopes...
2025-05-26 09:57:30.556 [info] Getting sessions for all scopes...
2025-05-26 09:57:30.556 [info] Getting sessions for all scopes...
2025-05-26 09:57:30.556 [info] Got stored sessions!
2025-05-26 09:57:30.556 [info] Got 1 verified sessions.
2025-05-26 09:57:30.556 [info] Got 1 sessions for ...
2025-05-26 09:57:30.556 [info] Got 1 sessions for ...
2025-05-26 09:57:30.556 [info] Got 1 sessions for ...
2025-05-26 09:57:30.556 [info] Getting sessions for all scopes...
2025-05-26 09:57:30.556 [info] Got 1 sessions for ...
2025-05-26 09:57:30.556 [info] Getting sessions for codespace,read:user,repo,user:email...
2025-05-26 09:57:30.556 [info] Got 1 sessions for codespace,read:user,repo,user:email...
2025-05-26 09:57:32.472 [info] Getting sessions for all scopes...
2025-05-26 09:57:32.472 [info] Got 1 sessions for ...
2025-05-26 09:57:52.857 [info] Getting sessions for all scopes...
2025-05-26 09:57:52.857 [info] Got 1 sessions for ...
2025-05-26 09:57:52.857 [info] Getting sessions for all scopes...
2025-05-26 09:57:52.857 [info] Got 1 sessions for ...
2025-05-26 09:57:52.857 [info] Getting sessions for all scopes...
2025-05-26 09:57:52.857 [info] Got 1 sessions for ...
2025-05-26 09:57:52.857 [info] Getting sessions for all scopes...
2025-05-26 09:57:52.857 [info] Got 1 sessions for ...
2025-05-26 09:57:52.918 [info] Getting sessions for all scopes...
2025-05-26 09:57:52.918 [info] Got 1 sessions for ...
2025-05-26 09:57:52.942 [info] Getting sessions for all scopes...
2025-05-26 09:57:52.942 [info] Got 1 sessions for ...
2025-05-26 09:57:52.942 [info] Getting sessions for all scopes...
2025-05-26 09:57:52.943 [info] Got 1 sessions for ...
2025-05-26 09:57:52.943 [info] Getting sessions for all scopes...
2025-05-26 09:57:52.943 [info] Got 1 sessions for ...
2025-05-26 09:57:52.943 [info] Getting sessions for all scopes...
2025-05-26 09:57:52.943 [info] Got 1 sessions for ...
2025-05-26 09:57:53.237 [info] Getting sessions for all scopes...
2025-05-26 09:57:53.237 [info] Got 1 sessions for ...
2025-05-26 09:57:53.243 [info] Getting sessions for all scopes...
2025-05-26 09:57:53.243 [info] Got 1 sessions for ...
2025-05-26 09:57:56.638 [info] Getting sessions for project,read:org,read:user,repo,user:email,workflow...
2025-05-26 09:57:56.638 [info] Got 0 sessions for project,read:org,read:user,repo,user:email,workflow...
2025-05-26 09:57:56.640 [info] Getting sessions for read:user,repo,user:email,workflow...
2025-05-26 09:57:56.640 [info] Got 0 sessions for read:user,repo,user:email,workflow...
2025-05-26 09:57:56.738 [info] Getting sessions for read:user,repo,user:email,workflow...
2025-05-26 09:57:56.738 [info] Got 0 sessions for read:user,repo,user:email,workflow...
2025-05-26 09:57:56.833 [info] Getting sessions for read:user,repo,user:email...
2025-05-26 09:57:56.833 [info] Got 0 sessions for read:user,repo,user:email...
2025-05-26 09:57:56.939 [info] Getting sessions for read:user,repo,user:email,workflow...
2025-05-26 09:57:56.939 [info] Got 0 sessions for read:user,repo,user:email,workflow...
2025-05-26 10:00:23.557 [info] Logging in with 'any' account...
2025-05-26 10:00:23.557 [info] Logging in for the following scopes: read:user repo user:email workflow
2025-05-26 10:00:23.560 [info] Trying without local server... (read:user repo user:email workflow)
2025-05-26 10:00:27.282 [info] Exchanging code for token...
2025-05-26 10:00:27.648 [info] Token exchange success!
2025-05-26 10:00:27.649 [info] Getting user info...
2025-05-26 10:00:28.109 [info] Got account info!
2025-05-26 10:00:28.109 [info] Storing 2 sessions...
2025-05-26 10:00:28.112 [info] Reading sessions from keychain...
2025-05-26 10:00:28.113 [info] Stored 2 sessions!
2025-05-26 10:00:28.113 [info] Login success!
2025-05-26 10:00:28.117 [info] Getting sessions for all scopes...
2025-05-26 10:00:28.118 [info] Getting sessions for all scopes...
2025-05-26 10:00:28.124 [info] Getting sessions for all scopes...
2025-05-26 10:00:28.125 [info] Getting sessions for all scopes...
2025-05-26 10:00:28.128 [info] Got stored sessions!
2025-05-26 10:00:28.128 [info] Got 2 verified sessions.
2025-05-26 10:00:28.128 [info] Got 2 sessions for ...
2025-05-26 10:00:28.128 [info] Got 2 sessions for ...
2025-05-26 10:00:28.128 [info] Got 2 sessions for ...
2025-05-26 10:00:28.128 [info] Got 2 sessions for ...
2025-05-26 10:00:28.129 [info] Getting sessions for all scopes...
2025-05-26 10:00:28.129 [info] Got 2 sessions for ...
2025-05-26 10:00:28.130 [info] Getting sessions for all scopes...
2025-05-26 10:00:28.130 [info] Got 2 sessions for ...
2025-05-26 10:00:28.130 [info] Getting sessions for codespace,read:user,repo,user:email...
2025-05-26 10:00:28.130 [info] Got 1 sessions for codespace,read:user,repo,user:email...
2025-05-26 10:00:28.504 [info] Getting sessions for project,read:org,read:user,repo,user:email,workflow...
2025-05-26 10:00:28.504 [info] Got 0 sessions for project,read:org,read:user,repo,user:email,workflow...
2025-05-26 10:00:28.504 [info] Getting sessions for read:user,repo,user:email,workflow...
2025-05-26 10:00:28.505 [info] Got 1 sessions for read:user,repo,user:email,workflow...
2025-05-26 10:00:29.258 [info] Getting sessions for read:user,repo,user:email,workflow...
2025-05-26 10:00:29.258 [info] Got 1 sessions for read:user,repo,user:email,workflow...
2025-05-26 10:00:29.959 [info] Getting sessions for read:user,repo,user:email,workflow...
2025-05-26 10:00:29.959 [info] Got 1 sessions for read:user,repo,user:email,workflow...
2025-05-26 10:02:07.499 [info] Getting sessions for read:user,repo,user:email,workflow...
2025-05-26 10:02:07.499 [info] Got 1 sessions for read:user,repo,user:email,workflow...
2025-05-26 10:11:37.348 [info] Getting sessions for all scopes...
2025-05-26 10:11:37.348 [info] Got 2 sessions for ...
2025-05-26 10:11:37.351 [info] Getting sessions for all scopes...
2025-05-26 10:11:37.351 [info] Got 2 sessions for ...
2025-05-26 10:11:37.486 [info] Getting sessions for all scopes...
2025-05-26 10:11:37.486 [info] Got 2 sessions for ...
2025-05-26 10:11:37.487 [info] Getting sessions for all scopes...
2025-05-26 10:11:37.487 [info] Got 2 sessions for ...
2025-05-26 10:11:37.487 [info] Getting sessions for read:user,repo,user:email,workflow...
2025-05-26 10:11:37.487 [info] Got 1 sessions for read:user,repo,user:email,workflow...
2025-05-26 10:11:37.945 [info] Getting sessions for read:user,repo,user:email,workflow...
2025-05-26 10:11:37.945 [info] Got 1 sessions for read:user,repo,user:email,workflow...
2025-05-26 10:11:38.160 [info] Getting sessions for all scopes...
2025-05-26 10:11:38.160 [info] Got 2 sessions for ...
2025-05-26 10:11:38.160 [info] Getting sessions for all scopes...
2025-05-26 10:11:38.160 [info] Got 2 sessions for ...
2025-05-26 10:11:38.492 [info] Getting sessions for read:user,repo,user:email,workflow...
2025-05-26 10:11:38.492 [info] Got 1 sessions for read:user,repo,user:email,workflow...
2025-05-26 10:11:39.652 [info] Getting sessions for all scopes...
2025-05-26 10:11:39.652 [info] Got 2 sessions for ...
2025-05-26 10:11:39.653 [info] Getting sessions for all scopes...
2025-05-26 10:11:39.653 [info] Got 2 sessions for ...
2025-05-26 10:11:39.761 [info] Getting sessions for read:user,repo,user:email,workflow...
2025-05-26 10:11:39.761 [info] Got 1 sessions for read:user,repo,user:email,workflow...
2025-05-26 10:11:39.955 [info] Getting sessions for all scopes...
2025-05-26 10:11:39.955 [info] Got 2 sessions for ...
2025-05-26 10:11:40.053 [info] Getting sessions for read:user,repo,user:email,workflow...
2025-05-26 10:11:40.053 [info] Got 1 sessions for read:user,repo,user:email,workflow...
2025-05-26 10:11:40.539 [info] Getting sessions for all scopes...
2025-05-26 10:11:40.539 [info] Got 2 sessions for ...
2025-05-26 10:11:40.625 [info] Getting sessions for read:user,repo,user:email,workflow...
2025-05-26 10:11:40.625 [info] Got 1 sessions for read:user,repo,user:email,workflow...
2025-05-26 10:11:40.732 [info] Getting sessions for all scopes...
2025-05-26 10:11:40.732 [info] Got 2 sessions for ...
2025-05-26 10:11:40.735 [info] Getting sessions for all scopes...
2025-05-26 10:11:40.735 [info] Got 2 sessions for ...
2025-05-26 10:11:41.498 [info] Getting sessions for all scopes...
2025-05-26 10:11:41.498 [info] Got 2 sessions for ...
2025-05-26 10:11:41.666 [info] Getting sessions for read:user,repo,user:email,workflow...
2025-05-26 10:11:41.666 [info] Got 1 sessions for read:user,repo,user:email,workflow...
2025-05-26 10:11:44.941 [info] Getting sessions for all scopes...
2025-05-26 10:11:44.941 [info] Got 2 sessions for ...
2025-05-26 10:11:44.943 [info] Getting sessions for all scopes...
2025-05-26 10:11:44.943 [info] Got 2 sessions for ...
2025-05-26 10:11:45.038 [info] Getting sessions for read:user,repo,user:email,workflow...
2025-05-26 10:11:45.038 [info] Got 1 sessions for read:user,repo,user:email,workflow...
2025-05-26 10:11:45.647 [info] Getting sessions for all scopes...
2025-05-26 10:11:45.647 [info] Got 2 sessions for ...
2025-05-26 10:11:45.740 [info] Getting sessions for read:user,repo,user:email,workflow...
2025-05-26 10:11:45.740 [info] Got 1 sessions for read:user,repo,user:email,workflow...
2025-05-26 10:11:47.578 [info] Getting sessions for all scopes...
2025-05-26 10:11:47.578 [info] Got 2 sessions for ...
2025-05-26 10:11:47.675 [info] Getting sessions for read:user,repo,user:email,workflow...
2025-05-26 10:11:47.675 [info] Got 1 sessions for read:user,repo,user:email,workflow...
2025-05-26 10:11:49.562 [info] Getting sessions for all scopes...
2025-05-26 10:11:49.562 [info] Got 2 sessions for ...
2025-05-26 10:11:49.658 [info] Getting sessions for read:user,repo,user:email,workflow...
2025-05-26 10:11:49.658 [info] Got 1 sessions for read:user,repo,user:email,workflow...
2025-05-26 10:11:50.245 [info] Getting sessions for all scopes...
2025-05-26 10:11:50.245 [info] Got 2 sessions for ...
2025-05-26 10:11:50.337 [info] Getting sessions for read:user,repo,user:email,workflow...
2025-05-26 10:11:50.337 [info] Got 1 sessions for read:user,repo,user:email,workflow...
2025-05-26 10:11:52.455 [info] Getting sessions for all scopes...
2025-05-26 10:11:52.455 [info] Got 2 sessions for ...
2025-05-26 10:11:52.548 [info] Getting sessions for read:user,repo,user:email,workflow...
2025-05-26 10:11:52.548 [info] Got 1 sessions for read:user,repo,user:email,workflow...
2025-05-26 10:12:06.505 [info] Getting sessions for all scopes...
2025-05-26 10:12:06.505 [info] Got 2 sessions for ...
2025-05-26 10:12:06.601 [info] Getting sessions for read:user,repo,user:email,workflow...
2025-05-26 10:12:06.601 [info] Got 1 sessions for read:user,repo,user:email,workflow...
2025-05-26 10:12:08.056 [info] Getting sessions for all scopes...
2025-05-26 10:12:08.056 [info] Got 2 sessions for ...
2025-05-26 10:12:08.177 [info] Getting sessions for read:user,repo,user:email,workflow...
2025-05-26 10:12:08.177 [info] Got 1 sessions for read:user,repo,user:email,workflow...
2025-05-26 10:12:10.182 [info] Getting sessions for all scopes...
2025-05-26 10:12:10.182 [info] Got 2 sessions for ...
2025-05-26 10:12:10.274 [info] Getting sessions for read:user,repo,user:email,workflow...
2025-05-26 10:12:10.274 [info] Got 1 sessions for read:user,repo,user:email,workflow...
2025-05-26 10:13:34.243 [info] Getting sessions for all scopes...
2025-05-26 10:13:34.243 [info] Got 2 sessions for ...
2025-05-26 10:13:34.338 [info] Getting sessions for read:user,repo,user:email,workflow...
2025-05-26 10:13:34.338 [info] Got 1 sessions for read:user,repo,user:email,workflow...
2025-05-26 10:13:45.196 [info] Getting sessions for all scopes...
2025-05-26 10:13:45.196 [info] Got 2 sessions for ...
2025-05-26 10:13:45.330 [info] Getting sessions for read:user,repo,user:email,workflow...
2025-05-26 10:13:45.330 [info] Got 1 sessions for read:user,repo,user:email,workflow...
2025-05-26 10:13:46.717 [info] Getting sessions for all scopes...
2025-05-26 10:13:46.717 [info] Got 2 sessions for ...
2025-05-26 10:13:46.808 [info] Getting sessions for read:user,repo,user:email,workflow...
2025-05-26 10:13:46.808 [info] Got 1 sessions for read:user,repo,user:email,workflow...
2025-05-26 10:13:48.704 [info] Getting sessions for all scopes...
2025-05-26 10:13:48.704 [info] Got 2 sessions for ...
2025-05-26 10:13:48.823 [info] Getting sessions for read:user,repo,user:email,workflow...
2025-05-26 10:13:48.823 [info] Got 1 sessions for read:user,repo,user:email,workflow...
2025-05-26 10:16:37.576 [info] Getting sessions for all scopes...
2025-05-26 10:16:37.576 [info] Got 2 sessions for ...
2025-05-26 10:16:37.665 [info] Getting sessions for read:user,repo,user:email,workflow...
2025-05-26 10:16:37.665 [info] Got 1 sessions for read:user,repo,user:email,workflow...
2025-05-26 10:21:37.576 [info] Getting sessions for all scopes...
2025-05-26 10:21:37.576 [info] Got 2 sessions for ...
2025-05-26 10:21:37.662 [info] Getting sessions for read:user,repo,user:email,workflow...
2025-05-26 10:21:37.662 [info] Got 1 sessions for read:user,repo,user:email,workflow...
2025-05-26 10:24:06.921 [info] Getting sessions for all scopes...
2025-05-26 10:24:06.921 [info] Got 2 sessions for ...
2025-05-26 10:24:07.024 [info] Getting sessions for read:user,repo,user:email,workflow...
2025-05-26 10:24:07.024 [info] Got 1 sessions for read:user,repo,user:email,workflow...
2025-05-26 10:24:08.652 [info] Getting sessions for all scopes...
2025-05-26 10:24:08.652 [info] Got 2 sessions for ...
2025-05-26 10:24:08.741 [info] Getting sessions for read:user,repo,user:email,workflow...
2025-05-26 10:24:08.741 [info] Got 1 sessions for read:user,repo,user:email,workflow...
2025-05-26 10:24:11.500 [info] Getting sessions for all scopes...
2025-05-26 10:24:11.500 [info] Got 2 sessions for ...
2025-05-26 10:24:11.625 [info] Getting sessions for read:user,repo,user:email,workflow...
2025-05-26 10:24:11.625 [info] Got 1 sessions for read:user,repo,user:email,workflow...
2025-05-26 10:24:11.878 [info] Getting sessions for all scopes...
2025-05-26 10:24:11.878 [info] Got 2 sessions for ...
2025-05-26 10:24:11.969 [info] Getting sessions for read:user,repo,user:email,workflow...
2025-05-26 10:24:11.969 [info] Got 1 sessions for read:user,repo,user:email,workflow...
2025-05-26 10:24:17.273 [info] Getting sessions for all scopes...
2025-05-26 10:24:17.273 [info] Got 2 sessions for ...
2025-05-26 10:24:17.374 [info] Getting sessions for read:user,repo,user:email,workflow...
2025-05-26 10:24:17.374 [info] Got 1 sessions for read:user,repo,user:email,workflow...
2025-05-26 10:24:18.496 [info] Getting sessions for all scopes...
2025-05-26 10:24:18.496 [info] Got 2 sessions for ...
2025-05-26 10:24:18.588 [info] Getting sessions for read:user,repo,user:email,workflow...
2025-05-26 10:24:18.588 [info] Got 1 sessions for read:user,repo,user:email,workflow...
2025-05-26 10:24:21.721 [info] Getting sessions for all scopes...
2025-05-26 10:24:21.721 [info] Got 2 sessions for ...
2025-05-26 10:24:21.810 [info] Getting sessions for read:user,repo,user:email,workflow...
2025-05-26 10:24:21.810 [info] Got 1 sessions for read:user,repo,user:email,workflow...
2025-05-26 10:26:37.576 [info] Getting sessions for all scopes...
2025-05-26 10:26:37.576 [info] Got 2 sessions for ...
2025-05-26 10:26:37.691 [info] Getting sessions for read:user,repo,user:email,workflow...
2025-05-26 10:26:37.691 [info] Got 1 sessions for read:user,repo,user:email,workflow...
2025-05-26 10:26:41.825 [info] Getting sessions for all scopes...
2025-05-26 10:26:41.825 [info] Got 2 sessions for ...
2025-05-26 10:26:41.914 [info] Getting sessions for read:user,repo,user:email,workflow...
2025-05-26 10:26:41.914 [info] Got 1 sessions for read:user,repo,user:email,workflow...
