2025-05-26 10:44:34.796 [info] Reading sessions from keychain...
2025-05-26 10:44:34.796 [info] Getting sessions for all scopes...
2025-05-26 10:44:34.796 [info] Getting sessions for all scopes...
2025-05-26 10:44:34.796 [info] Getting sessions for all scopes...
2025-05-26 10:44:34.796 [info] Getting sessions for all scopes...
2025-05-26 10:44:34.796 [info] Getting sessions for all scopes...
2025-05-26 10:44:34.796 [info] Getting sessions for all scopes...
2025-05-26 10:44:34.796 [info] Getting sessions for all scopes...
2025-05-26 10:44:34.796 [info] Getting sessions for all scopes...
2025-05-26 10:44:34.796 [info] Got stored sessions!
2025-05-26 10:44:34.796 [info] Got 3 verified sessions.
2025-05-26 10:44:34.796 [info] Got 3 sessions for ...
2025-05-26 10:44:34.796 [info] Got 3 sessions for ...
2025-05-26 10:44:34.796 [info] Got 3 sessions for ...
2025-05-26 10:44:34.796 [info] Got 3 sessions for ...
2025-05-26 10:44:34.796 [info] Got 3 sessions for ...
2025-05-26 10:44:34.796 [info] Got 3 sessions for ...
2025-05-26 10:44:34.796 [info] Got 3 sessions for ...
2025-05-26 10:44:34.796 [info] Got 3 sessions for ...
2025-05-26 10:44:34.796 [info] Getting sessions for all scopes...
2025-05-26 10:44:34.796 [info] Got 3 sessions for ...
2025-05-26 10:44:34.796 [info] Getting sessions for all scopes...
2025-05-26 10:44:34.796 [info] Got 3 sessions for ...
2025-05-26 10:44:34.796 [info] Getting sessions for all scopes...
2025-05-26 10:44:34.796 [info] Got 3 sessions for ...
2025-05-26 10:44:34.796 [info] Getting sessions for all scopes...
2025-05-26 10:44:34.796 [info] Got 3 sessions for ...
2025-05-26 10:44:34.796 [info] Getting sessions for all scopes...
2025-05-26 10:44:34.796 [info] Got 3 sessions for ...
2025-05-26 10:44:34.796 [info] Getting sessions for all scopes...
2025-05-26 10:44:34.796 [info] Got 3 sessions for ...
2025-05-26 10:44:34.796 [info] Getting sessions for all scopes...
2025-05-26 10:44:34.796 [info] Got 3 sessions for ...
2025-05-26 10:44:35.746 [info] Getting sessions for all scopes...
2025-05-26 10:44:35.746 [info] Got 3 sessions for ...
2025-05-26 10:44:35.746 [info] Getting sessions for all scopes...
2025-05-26 10:44:35.746 [info] Got 3 sessions for ...
2025-05-26 10:44:35.889 [info] Getting sessions for all scopes...
2025-05-26 10:44:35.889 [info] Got 3 sessions for ...
2025-05-26 10:44:35.907 [info] Getting sessions for all scopes...
2025-05-26 10:44:35.907 [info] Got 3 sessions for ...
2025-05-26 10:44:35.907 [info] Getting sessions for read:user,repo,user:email,workflow...
2025-05-26 10:44:35.907 [info] Got 1 sessions for read:user,repo,user:email,workflow...
2025-05-26 10:44:35.923 [info] Getting sessions for read:user,repo,user:email,workflow...
2025-05-26 10:44:35.923 [info] Got 1 sessions for read:user,repo,user:email,workflow...
2025-05-26 10:44:36.139 [info] Getting sessions for all scopes...
2025-05-26 10:44:36.139 [info] Got 3 sessions for ...
2025-05-26 10:44:36.252 [info] Getting sessions for read:user,repo,user:email,workflow...
2025-05-26 10:44:36.252 [info] Got 1 sessions for read:user,repo,user:email,workflow...
2025-05-26 10:44:36.276 [info] Getting sessions for user:email...
2025-05-26 10:44:36.276 [info] Got 1 sessions for user:email...
2025-05-26 10:44:36.285 [info] Getting sessions for all scopes...
2025-05-26 10:44:36.286 [info] Got 3 sessions for ...
2025-05-26 10:44:36.308 [info] Getting sessions for read:user,repo,user:email,workflow...
2025-05-26 10:44:36.308 [info] Got 1 sessions for read:user,repo,user:email,workflow...
2025-05-26 10:44:36.597 [info] Getting sessions for all scopes...
2025-05-26 10:44:36.597 [info] Got 3 sessions for ...
2025-05-26 10:44:37.338 [info] Getting sessions for all scopes...
2025-05-26 10:44:37.338 [info] Got 3 sessions for ...
2025-05-26 10:44:37.338 [info] Getting sessions for all scopes...
2025-05-26 10:44:37.338 [info] Got 3 sessions for ...
2025-05-26 10:44:37.339 [info] Getting sessions for read:user,repo,user:email,workflow...
2025-05-26 10:44:37.339 [info] Got 1 sessions for read:user,repo,user:email,workflow...
2025-05-26 10:44:37.345 [info] Getting sessions for all scopes...
2025-05-26 10:44:37.345 [info] Got 3 sessions for ...
2025-05-26 10:44:37.346 [info] Getting sessions for read:user,repo,user:email,workflow...
2025-05-26 10:44:37.346 [info] Got 1 sessions for read:user,repo,user:email,workflow...
2025-05-26 10:44:37.373 [info] Getting sessions for all scopes...
2025-05-26 10:44:37.373 [info] Got 3 sessions for ...
2025-05-26 10:44:37.374 [info] Getting sessions for read:user,repo,user:email,workflow...
2025-05-26 10:44:37.374 [info] Got 1 sessions for read:user,repo,user:email,workflow...
2025-05-26 10:44:37.377 [info] Getting sessions for all scopes...
2025-05-26 10:44:37.377 [info] Got 3 sessions for ...
2025-05-26 10:44:37.377 [info] Getting sessions for all scopes...
2025-05-26 10:44:37.377 [info] Got 3 sessions for ...
2025-05-26 10:44:38.626 [info] Getting sessions for all scopes...
2025-05-26 10:44:38.626 [info] Got 3 sessions for ...
2025-05-26 10:44:38.627 [info] Getting sessions for read:user,repo,user:email,workflow...
2025-05-26 10:44:38.627 [info] Got 1 sessions for read:user,repo,user:email,workflow...
2025-05-26 10:45:02.669 [info] Getting sessions for read:user,repo,user:email,workflow...
2025-05-26 10:45:02.669 [info] Got 1 sessions for read:user,repo,user:email,workflow...
2025-05-26 10:46:05.594 [info] Getting sessions for read:user,repo,user:email,workflow...
2025-05-26 10:46:05.594 [info] Got 1 sessions for read:user,repo,user:email,workflow...
2025-05-26 10:46:07.005 [info] Getting sessions for read:user,repo,user:email,workflow...
2025-05-26 10:46:07.006 [info] Got 1 sessions for read:user,repo,user:email,workflow...
2025-05-26 10:46:07.442 [info] Getting sessions for read:user,repo,user:email,workflow...
2025-05-26 10:46:07.442 [info] Got 1 sessions for read:user,repo,user:email,workflow...
2025-05-26 10:46:43.856 [info] Getting sessions for read:user,repo,user:email,workflow...
2025-05-26 10:46:43.856 [info] Got 1 sessions for read:user,repo,user:email,workflow...
2025-05-26 10:47:19.189 [info] Getting sessions for read:user,repo,user:email,workflow...
2025-05-26 10:47:19.189 [info] Got 1 sessions for read:user,repo,user:email,workflow...
2025-05-26 10:47:45.557 [info] Getting sessions for read:user,repo,user:email,workflow...
2025-05-26 10:47:45.557 [info] Got 1 sessions for read:user,repo,user:email,workflow...
