[Client I] GitHub Codespaces version 1.17.3
[Client I] isRunningInWeb: "false"
[Client V] Initializing authentication
[Authentication I] Did not find existing login session
[Authentication I] Did not find existing login session
[API I] Signing out due to unsuccessful sign in attempt
[Authentication I] Did not find existing login session
[API E] featureFlags: listCodespaces error. No response received.
[Client:extension:1d92 I] initializing
[Client:extension:1d92:resolver I] created with protocol "codespaces"
[RemoteExplorer I] Updating codespace performance info
[DevContainerJsonSupport I] Initializing devcontainer.json support package
[DevContainerJsonSupport V] [2025-05-26T03:53:34.733Z] Internal initialization of dev container support package...

[ProtocolHandler I] Received connect event: vscode://github.codespaces/connect?name%3Drefactored-journey-q5j5r4gxgjph4qp
[ProtocolHandler I] Connecting to codespace refactored-journey-q5j5r4gxgjph4qp
[Command:Connect I] Decorator starting: ErrorNotification
[Command:Connect I] Decorator starting: Telemetry
[Client I] Jupyter API registered? false
[Authentication I] Successfully signed in
[API I] Successfully signed in
[API:retries-left-2 I] making GET request for "https://api.github.com/user/codespaces/refactored-journey-q5j5r4gxgjph4qp"
[Authentication V] Already signed in
[Authentication V] Already signed in
[Authentication V] Already signed in
[RemoteExplorer I] Updating codespace performance info
[RemoteExplorer I] Updating codespace performance info
[RemoteExplorer I] Updating codespace performance info
[Command:Connect I] Command [Connect to Codespace]: Connect to Codespace Success (9566ms)
[Command:Connect I] Decorator finishing: Telemetry. Duration: 2ms (0 + 2)
[Command:Connect I] Decorator finishing: ErrorNotification. Duration: 0ms (0 + 0)
[Client:extension:1d92:resolver V] disposing reason: 'vscode disposed the resolver', disposing 1 objects
