2025-05-26 10:43:31.570 [info] [main] Log level: Info
2025-05-26 10:43:31.570 [info] [main] Validating found git in: "git"
2025-05-26 10:43:31.570 [info] [main] Using git "2.49.0" from "git"
2025-05-26 10:43:31.570 [info] [Model][doInitialScan] Initial repository scan started
2025-05-26 10:43:31.570 [info] > git rev-parse --show-toplevel [4ms]
2025-05-26 10:43:31.573 [info] > git rev-parse --git-dir --git-common-dir [74ms]
2025-05-26 10:43:31.582 [info] [Model][openRepository] Opened repository (path): /home/waturrr/.config
2025-05-26 10:43:31.582 [info] [Model][openRepository] Opened repository (real path): /home/waturrr/.config
2025-05-26 10:43:32.194 [info] > git config --get commit.template [78ms]
2025-05-26 10:43:32.327 [info] > git for-each-ref --format=%(refname)%00%(upstream:short)%00%(objectname)%00%(upstream:track)%00%(upstream:remotename)%00%(upstream:remoteref) refs/heads/main refs/remotes/main [98ms]
2025-05-26 10:43:32.332 [info] > git fetch [750ms]
2025-05-26 10:43:32.332 [info] Missing or invalid credentials.
Skip silent fetch commands
Missing or invalid credentials.
Skip silent fetch commands
remote: Repository not found.
fatal: Authentication failed for 'https://github.com/GaseousIce/.config.git/'
2025-05-26 10:43:32.344 [info] > git config --get commit.template [1ms]
2025-05-26 10:43:32.371 [info] > git for-each-ref --format=%(refname)%00%(upstream:short)%00%(objectname)%00%(upstream:track)%00%(upstream:remotename)%00%(upstream:remoteref) refs/heads/main refs/remotes/main [16ms]
2025-05-26 10:43:32.380 [info] > git config --get --local branch.main.vscode-merge-base [2ms]
2025-05-26 10:43:32.380 [warning] [Git][config] git config failed: Failed to execute git
2025-05-26 10:43:32.386 [info] > git for-each-ref --format=%(refname)%00%(upstream:short)%00%(objectname)%00%(upstream:track)%00%(upstream:remotename)%00%(upstream:remoteref) refs/heads/main refs/remotes/main [15ms]
2025-05-26 10:43:32.386 [info] > git config --get commit.template [22ms]
2025-05-26 10:43:32.529 [info] > git reflog main --grep-reflog=branch: Created from *. [143ms]
2025-05-26 10:43:32.548 [info] > git symbolic-ref --short refs/remotes/origin/HEAD [11ms]
2025-05-26 10:43:32.558 [info] > git for-each-ref --format=%(refname)%00%(upstream:short)%00%(objectname)%00%(upstream:track)%00%(upstream:remotename)%00%(upstream:remoteref) refs/heads/origin/main refs/remotes/origin/main [2ms]
2025-05-26 10:43:32.567 [info] > git for-each-ref --format=%(refname)%00%(upstream:short)%00%(objectname)%00%(upstream:track)%00%(upstream:remotename)%00%(upstream:remoteref) refs/heads/main refs/remotes/main [23ms]
2025-05-26 10:43:32.585 [info] > git config --add --local branch.main.vscode-merge-base origin/main [18ms]
2025-05-26 10:43:32.661 [info] > git for-each-ref --format=%(refname)%00%(upstream:short)%00%(objectname)%00%(upstream:track)%00%(upstream:remotename)%00%(upstream:remoteref) refs/heads/main refs/remotes/main [77ms]
2025-05-26 10:43:32.687 [info] > git check-ignore -v -z --stdin [12ms]
2025-05-26 10:43:32.688 [info] > git config --get --local branch.main.vscode-merge-base [20ms]
2025-05-26 10:43:32.696 [info] > git config --get commit.template [38ms]
2025-05-26 10:43:32.706 [info] > git for-each-ref --format=%(refname)%00%(upstream:short)%00%(objectname)%00%(upstream:track)%00%(upstream:remotename)%00%(upstream:remoteref) refs/heads/origin/main refs/remotes/origin/main [10ms]
2025-05-26 10:43:32.735 [info] > git merge-base refs/heads/main refs/remotes/origin/main [21ms]
2025-05-26 10:43:32.745 [info] > git for-each-ref --format=%(refname)%00%(upstream:short)%00%(objectname)%00%(upstream:track)%00%(upstream:remotename)%00%(upstream:remoteref) refs/heads/main refs/remotes/main [41ms]
2025-05-26 10:43:32.760 [info] > git diff --name-status -z --diff-filter=ADMR 8a924356538616f283c8b8eb75161dd12130dfa8...refs/remotes/origin/main [15ms]
2025-05-26 10:43:32.760 [info] > git for-each-ref --format=%(refname)%00%(upstream:short)%00%(objectname)%00%(upstream:track)%00%(upstream:remotename)%00%(upstream:remoteref) refs/heads/main refs/remotes/main [37ms]
2025-05-26 10:43:32.773 [info] > git config --get --local branch.main.vscode-merge-base [18ms]
2025-05-26 10:43:32.797 [info] > git for-each-ref --format=%(refname)%00%(upstream:short)%00%(objectname)%00%(upstream:track)%00%(upstream:remotename)%00%(upstream:remoteref) refs/heads/origin/main refs/remotes/origin/main [11ms]
2025-05-26 10:43:32.836 [info] > git status -z -uall [14ms]
2025-05-26 10:43:32.885 [info] > git for-each-ref --sort -committerdate --format %(refname)%00%(objectname)%00%(*objectname) [50ms]
2025-05-26 10:43:32.900 [info] > git rev-parse --show-toplevel [1ms]
2025-05-26 10:43:32.910 [info] > git rev-parse --show-toplevel [0ms]
2025-05-26 10:43:32.918 [info] > git rev-parse --show-toplevel [0ms]
2025-05-26 10:43:32.928 [info] > git rev-parse --show-toplevel [2ms]
2025-05-26 10:43:32.936 [info] > git rev-parse --show-toplevel [0ms]
2025-05-26 10:43:32.944 [info] > git rev-parse --show-toplevel [1ms]
2025-05-26 10:43:32.952 [info] > git rev-parse --show-toplevel [1ms]
2025-05-26 10:43:32.959 [info] > git rev-parse --show-toplevel [0ms]
2025-05-26 10:43:32.967 [info] > git rev-parse --show-toplevel [1ms]
2025-05-26 10:43:32.974 [info] > git rev-parse --show-toplevel [0ms]
2025-05-26 10:43:32.982 [info] > git rev-parse --show-toplevel [1ms]
2025-05-26 10:43:32.992 [info] > git rev-parse --show-toplevel [3ms]
2025-05-26 10:43:33.000 [info] > git rev-parse --show-toplevel [1ms]
2025-05-26 10:43:33.008 [info] > git rev-parse --show-toplevel [0ms]
2025-05-26 10:43:33.016 [info] > git rev-parse --show-toplevel [0ms]
2025-05-26 10:43:33.024 [info] > git rev-parse --show-toplevel [0ms]
2025-05-26 10:43:33.032 [info] > git rev-parse --show-toplevel [0ms]
2025-05-26 10:43:33.040 [info] > git rev-parse --show-toplevel [1ms]
2025-05-26 10:43:33.047 [info] > git rev-parse --show-toplevel [0ms]
2025-05-26 10:43:33.056 [info] > git rev-parse --show-toplevel [1ms]
2025-05-26 10:43:33.065 [info] > git rev-parse --show-toplevel [1ms]
2025-05-26 10:43:33.073 [info] > git rev-parse --show-toplevel [1ms]
2025-05-26 10:43:33.084 [info] > git rev-parse --show-toplevel [3ms]
2025-05-26 10:43:33.094 [info] > git rev-parse --show-toplevel [1ms]
2025-05-26 10:43:33.105 [info] > git rev-parse --show-toplevel [1ms]
2025-05-26 10:43:33.129 [info] > git rev-parse --show-toplevel [15ms]
2025-05-26 10:43:33.144 [info] > git rev-parse --show-toplevel [1ms]
2025-05-26 10:43:33.155 [info] > git rev-parse --show-toplevel [1ms]
2025-05-26 10:43:33.166 [info] > git rev-parse --show-toplevel [1ms]
2025-05-26 10:43:33.177 [info] > git rev-parse --show-toplevel [1ms]
2025-05-26 10:43:33.188 [info] > git rev-parse --show-toplevel [3ms]
2025-05-26 10:43:33.231 [info] > git rev-parse --show-toplevel [36ms]
2025-05-26 10:43:33.249 [info] > git rev-parse --show-toplevel [5ms]
2025-05-26 10:43:33.260 [info] > git rev-parse --show-toplevel [1ms]
2025-05-26 10:43:33.270 [info] > git rev-parse --show-toplevel [1ms]
2025-05-26 10:43:33.280 [info] > git rev-parse --show-toplevel [1ms]
2025-05-26 10:43:33.288 [info] > git rev-parse --show-toplevel [0ms]
2025-05-26 10:43:33.295 [info] > git rev-parse --show-toplevel [1ms]
2025-05-26 10:43:33.304 [info] > git rev-parse --show-toplevel [1ms]
2025-05-26 10:43:33.312 [info] > git rev-parse --show-toplevel [1ms]
2025-05-26 10:43:33.320 [info] > git rev-parse --show-toplevel [1ms]
2025-05-26 10:43:33.327 [info] > git rev-parse --show-toplevel [2ms]
2025-05-26 10:43:33.334 [info] > git rev-parse --show-toplevel [0ms]
2025-05-26 10:43:33.342 [info] > git rev-parse --show-toplevel [0ms]
2025-05-26 10:43:33.350 [info] > git rev-parse --show-toplevel [1ms]
2025-05-26 10:43:33.357 [info] > git rev-parse --show-toplevel [0ms]
2025-05-26 10:43:33.366 [info] > git rev-parse --show-toplevel [0ms]
2025-05-26 10:43:33.368 [info] [Model][doInitialScan] Initial repository scan completed - repositories (1), closed repositories (0), parent repositories (0), unsafe repositories (0)
2025-05-26 10:43:33.379 [info] > git config --get commit.template [1ms]
2025-05-26 10:43:33.388 [info] > git for-each-ref --format=%(refname)%00%(upstream:short)%00%(objectname)%00%(upstream:track)%00%(upstream:remotename)%00%(upstream:remoteref) refs/heads/main refs/remotes/main [0ms]
2025-05-26 10:43:33.404 [info] > git status -z -uall [9ms]
2025-05-26 10:43:33.404 [info] > git for-each-ref --sort -committerdate --format %(refname)%00%(objectname)%00%(*objectname) [2ms]
2025-05-26 10:43:36.452 [info] > git check-ignore -v -z --stdin [3ms]
2025-05-26 10:43:37.139 [info] > git config --get commit.template [1ms]
2025-05-26 10:43:37.154 [info] > git for-each-ref --format=%(refname)%00%(upstream:short)%00%(objectname)%00%(upstream:track)%00%(upstream:remotename)%00%(upstream:remoteref) refs/heads/main refs/remotes/main [1ms]
2025-05-26 10:43:37.177 [info] > git status -z -uall [12ms]
2025-05-26 10:43:37.178 [info] > git for-each-ref --sort -committerdate --format %(refname)%00%(objectname)%00%(*objectname) [2ms]
2025-05-26 10:43:42.195 [info] > git config --get commit.template [0ms]
2025-05-26 10:43:42.204 [info] > git for-each-ref --format=%(refname)%00%(upstream:short)%00%(objectname)%00%(upstream:track)%00%(upstream:remotename)%00%(upstream:remoteref) refs/heads/main refs/remotes/main [0ms]
2025-05-26 10:43:42.221 [info] > git status -z -uall [8ms]
2025-05-26 10:43:42.221 [info] > git for-each-ref --sort -committerdate --format %(refname)%00%(objectname)%00%(*objectname) [1ms]
2025-05-26 10:43:43.031 [info] > git show --textconv :.gitignore [12ms]
2025-05-26 10:43:43.032 [info] > git ls-files --stage -- .gitignore [1ms]
2025-05-26 10:43:43.042 [info] > git cat-file -s 9bb5fbf6fc2eba29a0d97d413540227cfb3c0595 [0ms]
2025-05-26 10:43:47.891 [info] > git config --get commit.template [0ms]
2025-05-26 10:43:47.902 [info] > git for-each-ref --format=%(refname)%00%(upstream:short)%00%(objectname)%00%(upstream:track)%00%(upstream:remotename)%00%(upstream:remoteref) refs/heads/main refs/remotes/main [1ms]
2025-05-26 10:43:47.930 [info] > git status -z -uall [17ms]
2025-05-26 10:43:47.932 [info] > git for-each-ref --sort -committerdate --format %(refname)%00%(objectname)%00%(*objectname) [3ms]
2025-05-26 10:43:50.263 [info] > git show --textconv :README.md [18ms]
2025-05-26 10:43:50.303 [info] > git ls-files --stage -- README.md [43ms]
2025-05-26 10:43:50.316 [info] > git cat-file -s e18a18015601e615fd465dadd81c7f461b2dd294 [1ms]
2025-05-26 10:43:50.367 [info] > git blame --root --incremental 8a924356538616f283c8b8eb75161dd12130dfa8 -- README.md [1ms]
2025-05-26 10:43:52.356 [info] > git check-ignore -v -z --stdin [2ms]
2025-05-26 10:43:52.958 [info] > git config --get commit.template [12ms]
2025-05-26 10:43:52.958 [info] > git for-each-ref --format=%(refname)%00%(upstream:short)%00%(objectname)%00%(upstream:track)%00%(upstream:remotename)%00%(upstream:remoteref) refs/heads/main refs/remotes/main [1ms]
2025-05-26 10:43:52.982 [info] > git status -z -uall [13ms]
2025-05-26 10:43:52.984 [info] > git for-each-ref --sort -committerdate --format %(refname)%00%(objectname)%00%(*objectname) [3ms]
2025-05-26 10:44:01.443 [warning] [Git][getHEAD] Failed to parse HEAD file: ENOENT: no such file or directory, open '/home/waturrr/.config/.git/HEAD'
2025-05-26 10:44:01.454 [warning] [Git][getRemotes] Error: ENOENT: no such file or directory, open '/home/waturrr/.config/.git/config'
2025-05-26 10:44:01.466 [info] > git remote --verbose [12ms]
2025-05-26 10:44:01.466 [info] fatal: not a git repository (or any of the parent directories): .git
2025-05-26 10:44:01.468 [info] > git symbolic-ref --short HEAD [26ms]
2025-05-26 10:44:01.468 [info] fatal: not a git repository (or any of the parent directories): .git
2025-05-26 10:44:01.483 [warning] [GitFileSystemProvider][stat] Repository not found - git:/home/waturrr/.config/README.md.git?%7B%22path%22%3A%22%2Fhome%2Fwaturrr%2F.config%2FREADME.md%22%2C%22ref%22%3A%22%22%7D
2025-05-26 10:44:01.499 [warning] [Git][getHEAD] Failed to parse HEAD file: ENOENT: no such file or directory, open '/home/waturrr/.config/.git/HEAD'
2025-05-26 10:44:01.511 [warning] [Git][getRemotes] Error: ENOENT: no such file or directory, open '/home/waturrr/.config/.git/config'
2025-05-26 10:44:01.523 [info] > git rev-parse HEAD [41ms]
2025-05-26 10:44:01.523 [info] fatal: not a git repository (or any of the parent directories): .git
2025-05-26 10:44:01.524 [info] > git config --get commit.template [59ms]
2025-05-26 10:44:01.525 [info] > git config --get commit.template [2ms]
2025-05-26 10:44:01.525 [info] > git remote --verbose [14ms]
2025-05-26 10:44:01.525 [info] fatal: not a git repository (or any of the parent directories): .git
2025-05-26 10:44:01.525 [info] > git symbolic-ref --short HEAD [26ms]
2025-05-26 10:44:01.526 [info] fatal: not a git repository (or any of the parent directories): .git
2025-05-26 10:44:01.539 [info] > git rev-parse HEAD [1ms]
2025-05-26 10:44:01.539 [info] fatal: not a git repository (or any of the parent directories): .git
