2025-05-26 10:34:18.571 [info] Reading sessions from keychain...
2025-05-26 10:34:18.571 [info] Getting sessions for all scopes...
2025-05-26 10:34:18.571 [info] Getting sessions for all scopes...
2025-05-26 10:34:18.571 [info] Getting sessions for all scopes...
2025-05-26 10:34:18.571 [info] Getting sessions for all scopes...
2025-05-26 10:34:18.571 [info] Getting sessions for all scopes...
2025-05-26 10:34:18.571 [info] Getting sessions for all scopes...
2025-05-26 10:34:18.571 [info] Getting sessions for all scopes...
2025-05-26 10:34:18.571 [info] Getting sessions for all scopes...
2025-05-26 10:34:18.571 [info] Getting sessions for all scopes...
2025-05-26 10:34:18.571 [info] Got stored sessions!
2025-05-26 10:34:18.571 [info] Got 2 verified sessions.
2025-05-26 10:34:18.571 [info] Got 2 sessions for ...
2025-05-26 10:34:18.571 [info] Got 2 sessions for ...
2025-05-26 10:34:18.571 [info] Got 2 sessions for ...
2025-05-26 10:34:18.571 [info] Got 2 sessions for ...
2025-05-26 10:34:18.571 [info] Got 2 sessions for ...
2025-05-26 10:34:18.571 [info] Got 2 sessions for ...
2025-05-26 10:34:18.571 [info] Got 2 sessions for ...
2025-05-26 10:34:18.571 [info] Got 2 sessions for ...
2025-05-26 10:34:18.571 [info] Got 2 sessions for ...
2025-05-26 10:34:18.571 [info] Getting sessions for all scopes...
2025-05-26 10:34:18.571 [info] Got 2 sessions for ...
2025-05-26 10:34:18.571 [info] Getting sessions for all scopes...
2025-05-26 10:34:18.571 [info] Got 2 sessions for ...
2025-05-26 10:34:18.571 [info] Getting sessions for all scopes...
2025-05-26 10:34:18.571 [info] Got 2 sessions for ...
2025-05-26 10:34:18.571 [info] Getting sessions for all scopes...
2025-05-26 10:34:18.571 [info] Got 2 sessions for ...
2025-05-26 10:34:18.571 [info] Getting sessions for all scopes...
2025-05-26 10:34:18.571 [info] Got 2 sessions for ...
2025-05-26 10:34:18.571 [info] Getting sessions for all scopes...
2025-05-26 10:34:18.571 [info] Got 2 sessions for ...
2025-05-26 10:34:19.468 [info] Getting sessions for all scopes...
2025-05-26 10:34:19.468 [info] Got 2 sessions for ...
2025-05-26 10:34:19.468 [info] Getting sessions for all scopes...
2025-05-26 10:34:19.468 [info] Got 2 sessions for ...
2025-05-26 10:34:19.488 [info] Getting sessions for all scopes...
2025-05-26 10:34:19.488 [info] Got 2 sessions for ...
2025-05-26 10:34:19.582 [info] Getting sessions for all scopes...
2025-05-26 10:34:19.582 [info] Got 2 sessions for ...
2025-05-26 10:34:19.597 [info] Getting sessions for read:user,repo,user:email,workflow...
2025-05-26 10:34:19.597 [info] Got 1 sessions for read:user,repo,user:email,workflow...
2025-05-26 10:34:19.608 [info] Getting sessions for read:user,repo,user:email,workflow...
2025-05-26 10:34:19.608 [info] Got 1 sessions for read:user,repo,user:email,workflow...
2025-05-26 10:34:19.789 [info] Getting sessions for all scopes...
2025-05-26 10:34:19.789 [info] Got 2 sessions for ...
2025-05-26 10:34:19.874 [info] Getting sessions for read:user,repo,user:email,workflow...
2025-05-26 10:34:19.874 [info] Got 1 sessions for read:user,repo,user:email,workflow...
2025-05-26 10:34:19.890 [info] Getting sessions for all scopes...
2025-05-26 10:34:19.890 [info] Got 2 sessions for ...
2025-05-26 10:34:19.898 [info] Getting sessions for read:user,repo,user:email,workflow...
2025-05-26 10:34:19.898 [info] Got 1 sessions for read:user,repo,user:email,workflow...
2025-05-26 10:34:20.000 [info] Getting sessions for all scopes...
2025-05-26 10:34:20.000 [info] Got 2 sessions for ...
2025-05-26 10:34:20.059 [info] Getting sessions for read:user,repo,user:email,workflow...
2025-05-26 10:34:20.059 [info] Got 1 sessions for read:user,repo,user:email,workflow...
2025-05-26 10:34:20.392 [info] Getting sessions for all scopes...
2025-05-26 10:34:20.392 [info] Got 2 sessions for ...
2025-05-26 10:34:20.931 [info] Getting sessions for all scopes...
2025-05-26 10:34:20.931 [info] Got 2 sessions for ...
2025-05-26 10:34:20.931 [info] Getting sessions for all scopes...
2025-05-26 10:34:20.931 [info] Got 2 sessions for ...
2025-05-26 10:34:20.941 [info] Getting sessions for read:user,repo,user:email,workflow...
2025-05-26 10:34:20.941 [info] Got 1 sessions for read:user,repo,user:email,workflow...
2025-05-26 10:34:20.952 [info] Getting sessions for all scopes...
2025-05-26 10:34:20.952 [info] Got 2 sessions for ...
2025-05-26 10:34:20.953 [info] Getting sessions for read:user,repo,user:email,workflow...
2025-05-26 10:34:20.953 [info] Got 1 sessions for read:user,repo,user:email,workflow...
2025-05-26 10:34:20.986 [info] Getting sessions for all scopes...
2025-05-26 10:34:20.986 [info] Got 2 sessions for ...
2025-05-26 10:34:20.987 [info] Getting sessions for read:user,repo,user:email,workflow...
2025-05-26 10:34:20.987 [info] Got 1 sessions for read:user,repo,user:email,workflow...
2025-05-26 10:34:20.988 [info] Getting sessions for all scopes...
2025-05-26 10:34:20.988 [info] Got 2 sessions for ...
2025-05-26 10:34:20.988 [info] Getting sessions for all scopes...
2025-05-26 10:34:20.988 [info] Got 2 sessions for ...
2025-05-26 10:34:22.237 [info] Getting sessions for all scopes...
2025-05-26 10:34:22.237 [info] Got 2 sessions for ...
2025-05-26 10:34:22.237 [info] Getting sessions for read:user,repo,user:email,workflow...
2025-05-26 10:34:22.237 [info] Got 1 sessions for read:user,repo,user:email,workflow...
2025-05-26 10:34:28.595 [info] Getting sessions for read:user,repo,user:email,workflow...
2025-05-26 10:34:28.595 [info] Got 1 sessions for read:user,repo,user:email,workflow...
2025-05-26 10:34:30.436 [info] Getting sessions for all scopes...
2025-05-26 10:34:30.436 [info] Got 2 sessions for ...
2025-05-26 10:34:31.672 [info] Getting sessions for all scopes...
2025-05-26 10:34:31.672 [info] Got 2 sessions for ...
2025-05-26 10:34:31.673 [info] Getting sessions for all scopes...
2025-05-26 10:34:31.673 [info] Got 2 sessions for ...
2025-05-26 10:34:31.673 [info] Getting sessions for all scopes...
2025-05-26 10:34:31.673 [info] Got 2 sessions for ...
2025-05-26 10:34:31.673 [info] Getting sessions for all scopes...
2025-05-26 10:34:31.673 [info] Got 2 sessions for ...
2025-05-26 10:34:31.688 [info] Getting sessions for all scopes...
2025-05-26 10:34:31.688 [info] Got 2 sessions for ...
2025-05-26 10:34:31.689 [info] Getting sessions for all scopes...
2025-05-26 10:34:31.689 [info] Got 2 sessions for ...
2025-05-26 10:34:31.693 [info] Getting sessions for all scopes...
2025-05-26 10:34:31.693 [info] Got 2 sessions for ...
2025-05-26 10:34:31.693 [info] Getting sessions for all scopes...
2025-05-26 10:34:31.693 [info] Got 2 sessions for ...
2025-05-26 10:34:31.693 [info] Getting sessions for read:user,repo,user:email,workflow...
2025-05-26 10:34:31.693 [info] Got 1 sessions for read:user,repo,user:email,workflow...
2025-05-26 10:34:31.709 [info] Getting sessions for read:user,repo,user:email,workflow...
2025-05-26 10:34:31.709 [info] Got 1 sessions for read:user,repo,user:email,workflow...
2025-05-26 10:34:31.710 [info] Getting sessions for all scopes...
2025-05-26 10:34:31.710 [info] Got 2 sessions for ...
2025-05-26 10:34:31.711 [info] Getting sessions for read:user,repo,user:email,workflow...
2025-05-26 10:34:31.711 [info] Got 1 sessions for read:user,repo,user:email,workflow...
2025-05-26 10:37:26.706 [info] Getting sessions for user:email...
2025-05-26 10:37:26.706 [info] Got 0 sessions for user:email...
2025-05-26 10:37:28.544 [info] Logging in with 'any' account...
2025-05-26 10:37:28.544 [info] Logging in for the following scopes: user:email
2025-05-26 10:37:28.546 [info] Trying without local server... (user:email)
2025-05-26 10:37:31.864 [info] Exchanging code for token...
2025-05-26 10:37:32.262 [info] Token exchange success!
2025-05-26 10:37:32.264 [info] Getting user info...
2025-05-26 10:37:32.705 [info] Got account info!
2025-05-26 10:37:32.705 [info] Storing 3 sessions...
2025-05-26 10:37:32.709 [info] Reading sessions from keychain...
2025-05-26 10:37:32.709 [info] Stored 3 sessions!
2025-05-26 10:37:32.709 [info] Login success!
2025-05-26 10:37:32.710 [info] Getting sessions for all scopes...
2025-05-26 10:37:32.712 [info] Getting sessions for all scopes...
2025-05-26 10:37:32.716 [info] Got stored sessions!
2025-05-26 10:37:32.716 [info] Got 3 verified sessions.
2025-05-26 10:37:32.716 [info] Got 3 sessions for ...
2025-05-26 10:37:32.716 [info] Got 3 sessions for ...
2025-05-26 10:37:32.718 [info] Getting sessions for all scopes...
2025-05-26 10:37:32.718 [info] Got 3 sessions for ...
2025-05-26 10:37:32.718 [info] Getting sessions for all scopes...
2025-05-26 10:37:32.718 [info] Got 3 sessions for ...
2025-05-26 10:37:32.718 [info] Getting sessions for all scopes...
2025-05-26 10:37:32.718 [info] Got 3 sessions for ...
2025-05-26 10:37:32.718 [info] Getting sessions for read:user,repo,user:email,workflow...
2025-05-26 10:37:32.718 [info] Got 1 sessions for read:user,repo,user:email,workflow...
2025-05-26 10:37:32.722 [info] Getting sessions for read:user,repo,user:email,workflow...
2025-05-26 10:37:32.722 [info] Got 1 sessions for read:user,repo,user:email,workflow...
2025-05-26 10:37:32.723 [info] Getting sessions for all scopes...
2025-05-26 10:37:32.723 [info] Got 3 sessions for ...
2025-05-26 10:37:32.723 [info] Getting sessions for read:user,repo,user:email,workflow...
2025-05-26 10:37:32.723 [info] Got 1 sessions for read:user,repo,user:email,workflow...
2025-05-26 10:37:49.218 [info] Getting sessions for all scopes...
2025-05-26 10:37:49.218 [info] Got 3 sessions for ...
2025-05-26 10:37:49.218 [info] Getting sessions for all scopes...
2025-05-26 10:37:49.218 [info] Got 3 sessions for ...
2025-05-26 10:37:49.220 [info] Getting sessions for all scopes...
2025-05-26 10:37:49.220 [info] Got 3 sessions for ...
2025-05-26 10:37:49.221 [info] Getting sessions for all scopes...
2025-05-26 10:37:49.221 [info] Got 3 sessions for ...
2025-05-26 10:37:49.221 [info] Getting sessions for all scopes...
2025-05-26 10:37:49.221 [info] Got 3 sessions for ...
2025-05-26 10:37:49.221 [info] Getting sessions for read:user,repo,user:email,workflow...
2025-05-26 10:37:49.221 [info] Got 1 sessions for read:user,repo,user:email,workflow...
2025-05-26 10:37:49.223 [info] Getting sessions for read:user,repo,user:email,workflow...
2025-05-26 10:37:49.223 [info] Got 1 sessions for read:user,repo,user:email,workflow...
2025-05-26 10:37:49.223 [info] Getting sessions for all scopes...
2025-05-26 10:37:49.223 [info] Got 3 sessions for ...
2025-05-26 10:37:49.224 [info] Getting sessions for read:user,repo,user:email,workflow...
2025-05-26 10:37:49.224 [info] Got 1 sessions for read:user,repo,user:email,workflow...
2025-05-26 10:39:58.421 [info] Getting sessions for all scopes...
2025-05-26 10:39:58.421 [info] Got 3 sessions for ...
2025-05-26 10:39:58.421 [info] Getting sessions for read:user,repo,user:email,workflow...
2025-05-26 10:39:58.421 [info] Got 1 sessions for read:user,repo,user:email,workflow...
2025-05-26 10:40:00.013 [info] Getting sessions for all scopes...
2025-05-26 10:40:00.013 [info] Got 3 sessions for ...
2025-05-26 10:40:00.015 [info] Getting sessions for read:user,repo,user:email,workflow...
2025-05-26 10:40:00.015 [info] Got 1 sessions for read:user,repo,user:email,workflow...
2025-05-26 10:41:24.279 [info] Getting sessions for read:user,repo,user:email,workflow...
2025-05-26 10:41:24.279 [info] Got 1 sessions for read:user,repo,user:email,workflow...
