2025-05-26 09:23:28.487 [info] Extension host with pid 64751 started
2025-05-26 09:23:28.517 [info] ExtensionService#_doActivateExtension vscode.github-authentication, startup: false, activationEvent: 'onAuthenticationRequest:github'
2025-05-26 09:23:28.534 [info] ExtensionService#_doActivateExtension vscode.configuration-editing, startup: false, activationEvent: 'onLanguage:jsonc'
2025-05-26 09:23:28.539 [info] ExtensionService#_doActivateExtension vscode.json-language-features, startup: false, activationEvent: 'onLanguage:jsonc'
2025-05-26 09:23:28.577 [info] ExtensionService#_doActivateExtension vscode.typescript-language-features, startup: false, activationEvent: 'onLanguage:jsonc'
2025-05-26 09:23:28.610 [info] ExtensionService#_doActivateExtension vscode.emmet, startup: false, activationEvent: 'onLanguage'
2025-05-26 09:23:28.810 [info] ExtensionService#_doActivateExtension vscode.git-base, startup: true, activationEvent: '*', root cause: vscode.git
2025-05-26 09:23:28.811 [info] ExtensionService#_doActivateExtension be5invis.vscode-custom-css, startup: true, activationEvent: '*'
2025-05-26 09:23:28.819 [info] ExtensionService#_doActivateExtension vscode.git, startup: true, activationEvent: '*'
2025-05-26 09:23:28.842 [info] ExtensionService#_doActivateExtension vscode.github, startup: true, activationEvent: '*'
2025-05-26 09:23:28.887 [info] Eager extensions activated
2025-05-26 09:23:28.891 [info] ExtensionService#_doActivateExtension vscode.debug-auto-launch, startup: false, activationEvent: 'onStartupFinished'
2025-05-26 09:23:28.892 [info] ExtensionService#_doActivateExtension vscode.merge-conflict, startup: false, activationEvent: 'onStartupFinished'
2025-05-26 09:23:28.903 [info] ExtensionService#_doActivateExtension Catppuccin.catppuccin-vsc, startup: false, activationEvent: 'onStartupFinished'
2025-05-26 09:23:28.906 [info] ExtensionService#_doActivateExtension Catppuccin.catppuccin-vsc-icons, startup: false, activationEvent: 'onStartupFinished'
2025-05-26 09:23:28.955 [info] ExtensionService#_doActivateExtension dbaeumer.vscode-eslint, startup: false, activationEvent: 'onStartupFinished'
2025-05-26 09:23:28.973 [info] ExtensionService#_doActivateExtension esbenp.prettier-vscode, startup: false, activationEvent: 'onStartupFinished'
2025-05-26 09:23:29.012 [info] ExtensionService#_doActivateExtension naumovs.color-highlight, startup: false, activationEvent: 'onStartupFinished'
2025-05-26 09:23:34.393 [info] ExtensionService#_doActivateExtension GitHub.codespaces, startup: false, activationEvent: 'onUri:github.codespaces'
2025-05-26 09:23:44.320 [info] Extension host terminating: renderer closed the MessagePort
2025-05-26 09:23:44.338 [info] Extension host with pid 64751 exiting with code 0
2025-05-26 09:23:44.910 [info] Extension host with pid 65031 started
2025-05-26 09:23:44.910 [info] Skipping acquiring lock for /home/waturrr/.config/Code/User/workspaceStorage/3f859aa6bc6498e21b6e6d75525e49b9.
2025-05-26 09:23:44.910 [info] $getCanonicalURI invoked for authority (codespaces)
2025-05-26 09:23:44.914 [info] ExtensionService#_doActivateExtension GitHub.codespaces, startup: false, activationEvent: 'onResolveRemoteAuthority:codespaces'
2025-05-26 09:23:45.114 [info] ExtensionService#_doActivateExtension vscode.github-authentication, startup: false, activationEvent: 'api', root cause: GitHub.codespaces
2025-05-26 09:23:45.634 [info] [resolveAuthority(codespaces,1)][0ms] activating remote resolvers codespaces+refactored-journey-q5j5r4gxgjph4qp
2025-05-26 09:23:45.634 [info] [resolveAuthority(codespaces,1)][0ms] activating resolver for codespaces+refactored-journey-q5j5r4gxgjph4qp...
2025-05-26 09:23:45.634 [info] [resolveAuthority(codespaces,1)][0ms] invoking final resolve()...
2025-05-26 09:23:46.634 [info] [resolveAuthority(codespaces,1)][1000ms] waiting...
2025-05-26 09:23:47.871 [info] [resolveAuthority(codespaces,1)][2237ms] waiting...
2025-05-26 09:23:48.877 [info] [resolveAuthority(codespaces,1)][3243ms] waiting...
2025-05-26 09:23:49.683 [info] [resolveAuthority(codespaces,1)][4049ms] setting tunnel factory...
2025-05-26 09:23:49.683 [info] [resolveAuthority(codespaces,1)][4049ms] returned 127.0.0.1:34059
2025-05-26 09:23:50.781 [info] ExtensionService#_doActivateExtension be5invis.vscode-custom-css, startup: true, activationEvent: '*'
2025-05-26 09:23:50.833 [info] Eager extensions activated
2025-05-26 09:23:50.855 [info] ExtensionService#_doActivateExtension Catppuccin.catppuccin-vsc, startup: false, activationEvent: 'onStartupFinished'
2025-05-26 09:23:50.859 [info] ExtensionService#_doActivateExtension Catppuccin.catppuccin-vsc-icons, startup: false, activationEvent: 'onStartupFinished'
2025-05-26 09:53:51.884 [info] [resolveAuthority(codespaces,2)][0ms] activating remote resolvers codespaces+refactored-journey-q5j5r4gxgjph4qp
2025-05-26 09:53:51.884 [info] [resolveAuthority(codespaces,2)][0ms] activating resolver for codespaces+refactored-journey-q5j5r4gxgjph4qp...
2025-05-26 09:53:51.884 [info] [resolveAuthority(codespaces,2)][0ms] invoking final resolve()...
2025-05-26 09:53:52.885 [info] [resolveAuthority(codespaces,2)][1001ms] waiting...
2025-05-26 09:53:53.889 [info] [resolveAuthority(codespaces,2)][2005ms] waiting...
2025-05-26 09:53:54.889 [info] [resolveAuthority(codespaces,2)][3005ms] waiting...
2025-05-26 09:53:55.889 [info] [resolveAuthority(codespaces,2)][4005ms] waiting...
2025-05-26 09:53:56.890 [info] [resolveAuthority(codespaces,2)][5006ms] waiting...
2025-05-26 09:53:57.891 [info] [resolveAuthority(codespaces,2)][6007ms] waiting...
2025-05-26 09:53:58.892 [info] [resolveAuthority(codespaces,2)][7008ms] waiting...
2025-05-26 09:53:59.893 [info] [resolveAuthority(codespaces,2)][8009ms] waiting...
2025-05-26 09:54:00.894 [info] [resolveAuthority(codespaces,2)][9010ms] waiting...
2025-05-26 09:54:01.895 [info] [resolveAuthority(codespaces,2)][10011ms] waiting...
2025-05-26 09:54:02.897 [info] [resolveAuthority(codespaces,2)][11013ms] waiting...
2025-05-26 09:54:03.898 [info] [resolveAuthority(codespaces,2)][12014ms] waiting...
2025-05-26 09:54:04.899 [info] [resolveAuthority(codespaces,2)][13015ms] waiting...
2025-05-26 09:54:05.900 [info] [resolveAuthority(codespaces,2)][14016ms] waiting...
2025-05-26 09:54:06.902 [info] [resolveAuthority(codespaces,2)][15018ms] waiting...
2025-05-26 09:54:07.902 [info] [resolveAuthority(codespaces,2)][16018ms] waiting...
2025-05-26 09:54:08.904 [info] [resolveAuthority(codespaces,2)][17020ms] waiting...
2025-05-26 09:54:09.906 [info] [resolveAuthority(codespaces,2)][18022ms] waiting...
2025-05-26 09:54:10.908 [info] [resolveAuthority(codespaces,2)][19024ms] waiting...
2025-05-26 09:54:11.908 [info] [resolveAuthority(codespaces,2)][20024ms] waiting...
2025-05-26 09:54:12.909 [info] [resolveAuthority(codespaces,2)][21025ms] waiting...
2025-05-26 09:54:13.910 [info] [resolveAuthority(codespaces,2)][22026ms] waiting...
2025-05-26 09:54:14.912 [info] [resolveAuthority(codespaces,2)][23028ms] waiting...
2025-05-26 09:54:15.912 [info] [resolveAuthority(codespaces,2)][24028ms] waiting...
2025-05-26 09:54:16.914 [info] [resolveAuthority(codespaces,2)][25030ms] waiting...
2025-05-26 09:54:17.916 [info] [resolveAuthority(codespaces,2)][26032ms] waiting...
2025-05-26 09:54:18.918 [info] [resolveAuthority(codespaces,2)][27034ms] waiting...
2025-05-26 09:54:19.918 [info] [resolveAuthority(codespaces,2)][28034ms] waiting...
2025-05-26 09:54:20.920 [info] [resolveAuthority(codespaces,2)][29036ms] waiting...
2025-05-26 09:54:21.922 [info] [resolveAuthority(codespaces,2)][30038ms] waiting...
2025-05-26 09:54:22.923 [info] [resolveAuthority(codespaces,2)][31038ms] waiting...
2025-05-26 09:54:23.923 [info] [resolveAuthority(codespaces,2)][32039ms] waiting...
2025-05-26 09:54:24.925 [info] [resolveAuthority(codespaces,2)][33041ms] waiting...
2025-05-26 09:54:25.926 [info] [resolveAuthority(codespaces,2)][34042ms] waiting...
2025-05-26 09:54:26.928 [info] [resolveAuthority(codespaces,2)][35044ms] waiting...
2025-05-26 09:54:27.930 [info] [resolveAuthority(codespaces,2)][36046ms] waiting...
2025-05-26 09:54:28.932 [info] [resolveAuthority(codespaces,2)][37048ms] waiting...
2025-05-26 09:54:29.934 [info] [resolveAuthority(codespaces,2)][38050ms] waiting...
2025-05-26 09:54:30.934 [info] [resolveAuthority(codespaces,2)][39050ms] waiting...
2025-05-26 09:54:31.936 [info] [resolveAuthority(codespaces,2)][40052ms] waiting...
2025-05-26 09:54:32.938 [info] [resolveAuthority(codespaces,2)][41054ms] waiting...
2025-05-26 09:54:33.940 [info] [resolveAuthority(codespaces,2)][42056ms] waiting...
2025-05-26 09:54:34.941 [info] [resolveAuthority(codespaces,2)][43057ms] waiting...
2025-05-26 09:54:35.941 [info] [resolveAuthority(codespaces,2)][44057ms] waiting...
2025-05-26 09:54:36.943 [info] [resolveAuthority(codespaces,2)][45059ms] waiting...
2025-05-26 09:54:37.945 [info] [resolveAuthority(codespaces,2)][46061ms] waiting...
2025-05-26 09:54:38.947 [info] [resolveAuthority(codespaces,2)][47063ms] waiting...
2025-05-26 09:54:39.948 [info] [resolveAuthority(codespaces,2)][48064ms] waiting...
2025-05-26 09:54:40.948 [info] [resolveAuthority(codespaces,2)][49064ms] waiting...
2025-05-26 09:54:41.950 [info] [resolveAuthority(codespaces,2)][50066ms] waiting...
2025-05-26 09:54:42.952 [info] [resolveAuthority(codespaces,2)][51068ms] waiting...
2025-05-26 09:54:43.954 [info] [resolveAuthority(codespaces,2)][52070ms] waiting...
2025-05-26 09:54:44.955 [info] [resolveAuthority(codespaces,2)][53071ms] waiting...
2025-05-26 09:54:45.955 [info] [resolveAuthority(codespaces,2)][54071ms] waiting...
2025-05-26 09:54:46.957 [info] [resolveAuthority(codespaces,2)][55073ms] waiting...
2025-05-26 09:54:47.957 [info] [resolveAuthority(codespaces,2)][56073ms] waiting...
2025-05-26 09:54:48.959 [info] [resolveAuthority(codespaces,2)][57075ms] waiting...
2025-05-26 09:54:49.959 [info] [resolveAuthority(codespaces,2)][58075ms] waiting...
2025-05-26 09:54:50.961 [info] [resolveAuthority(codespaces,2)][59077ms] waiting...
2025-05-26 09:54:51.962 [info] [resolveAuthority(codespaces,2)][60078ms] waiting...
2025-05-26 09:54:52.964 [info] [resolveAuthority(codespaces,2)][61080ms] waiting...
2025-05-26 09:54:53.966 [info] [resolveAuthority(codespaces,2)][62082ms] waiting...
2025-05-26 09:54:54.966 [info] [resolveAuthority(codespaces,2)][63082ms] waiting...
2025-05-26 09:54:55.968 [info] [resolveAuthority(codespaces,2)][64084ms] waiting...
2025-05-26 09:54:56.969 [info] [resolveAuthority(codespaces,2)][65085ms] waiting...
2025-05-26 09:54:57.970 [info] [resolveAuthority(codespaces,2)][66086ms] waiting...
2025-05-26 09:54:58.971 [info] [resolveAuthority(codespaces,2)][67087ms] waiting...
2025-05-26 09:54:59.972 [info] [resolveAuthority(codespaces,2)][68088ms] waiting...
2025-05-26 09:55:00.974 [info] [resolveAuthority(codespaces,2)][69090ms] waiting...
2025-05-26 09:55:01.975 [info] [resolveAuthority(codespaces,2)][70090ms] waiting...
2025-05-26 09:55:02.976 [info] [resolveAuthority(codespaces,2)][71092ms] waiting...
2025-05-26 09:55:03.977 [info] [resolveAuthority(codespaces,2)][72093ms] waiting...
2025-05-26 09:55:04.979 [info] [resolveAuthority(codespaces,2)][73095ms] waiting...
2025-05-26 09:55:05.979 [info] [resolveAuthority(codespaces,2)][74095ms] waiting...
2025-05-26 09:55:06.981 [info] [resolveAuthority(codespaces,2)][75097ms] waiting...
2025-05-26 09:55:07.983 [info] [resolveAuthority(codespaces,2)][76099ms] waiting...
2025-05-26 09:55:08.983 [info] [resolveAuthority(codespaces,2)][77099ms] waiting...
2025-05-26 09:55:09.984 [info] [resolveAuthority(codespaces,2)][78100ms] waiting...
2025-05-26 09:55:10.985 [info] [resolveAuthority(codespaces,2)][79101ms] waiting...
2025-05-26 09:55:11.986 [info] [resolveAuthority(codespaces,2)][80102ms] waiting...
2025-05-26 09:55:12.987 [info] [resolveAuthority(codespaces,2)][81103ms] waiting...
2025-05-26 09:55:13.989 [info] [resolveAuthority(codespaces,2)][82105ms] waiting...
2025-05-26 09:55:14.990 [info] [resolveAuthority(codespaces,2)][83106ms] waiting...
2025-05-26 09:55:15.992 [info] [resolveAuthority(codespaces,2)][84108ms] waiting...
2025-05-26 09:55:16.994 [info] [resolveAuthority(codespaces,2)][85110ms] waiting...
2025-05-26 09:55:17.995 [info] [resolveAuthority(codespaces,2)][86111ms] waiting...
2025-05-26 09:55:18.996 [info] [resolveAuthority(codespaces,2)][87112ms] waiting...
2025-05-26 09:55:19.997 [info] [resolveAuthority(codespaces,2)][88113ms] waiting...
2025-05-26 09:55:20.997 [info] [resolveAuthority(codespaces,2)][89113ms] waiting...
2025-05-26 09:55:21.999 [info] [resolveAuthority(codespaces,2)][90115ms] waiting...
2025-05-26 09:55:23.000 [info] [resolveAuthority(codespaces,2)][91116ms] waiting...
2025-05-26 09:55:24.002 [info] [resolveAuthority(codespaces,2)][92118ms] waiting...
2025-05-26 09:55:25.003 [info] [resolveAuthority(codespaces,2)][93119ms] waiting...
2025-05-26 09:55:26.004 [info] [resolveAuthority(codespaces,2)][94120ms] waiting...
2025-05-26 09:55:27.006 [info] [resolveAuthority(codespaces,2)][95122ms] waiting...
2025-05-26 09:55:28.006 [info] [resolveAuthority(codespaces,2)][96122ms] waiting...
2025-05-26 09:55:29.008 [info] [resolveAuthority(codespaces,2)][97124ms] waiting...
2025-05-26 09:55:30.010 [info] [resolveAuthority(codespaces,2)][98126ms] waiting...
2025-05-26 09:55:31.012 [info] [resolveAuthority(codespaces,2)][99128ms] waiting...
2025-05-26 09:55:32.013 [info] [resolveAuthority(codespaces,2)][100129ms] waiting...
2025-05-26 09:55:33.014 [info] [resolveAuthority(codespaces,2)][101130ms] waiting...
2025-05-26 09:55:34.014 [info] [resolveAuthority(codespaces,2)][102130ms] waiting...
2025-05-26 09:55:35.015 [info] [resolveAuthority(codespaces,2)][103131ms] waiting...
2025-05-26 09:55:36.017 [info] [resolveAuthority(codespaces,2)][104133ms] waiting...
2025-05-26 09:55:37.019 [info] [resolveAuthority(codespaces,2)][105135ms] waiting...
2025-05-26 09:55:38.021 [info] [resolveAuthority(codespaces,2)][106137ms] waiting...
2025-05-26 09:55:39.021 [info] [resolveAuthority(codespaces,2)][107137ms] waiting...
2025-05-26 09:55:40.023 [info] [resolveAuthority(codespaces,2)][108139ms] waiting...
2025-05-26 09:55:41.024 [info] [resolveAuthority(codespaces,2)][109140ms] waiting...
2025-05-26 09:55:42.026 [info] [resolveAuthority(codespaces,2)][110142ms] waiting...
2025-05-26 09:55:43.027 [info] [resolveAuthority(codespaces,2)][111143ms] waiting...
2025-05-26 09:55:44.028 [info] [resolveAuthority(codespaces,2)][112144ms] waiting...
2025-05-26 09:55:45.029 [info] [resolveAuthority(codespaces,2)][113145ms] waiting...
2025-05-26 09:55:46.031 [info] [resolveAuthority(codespaces,2)][114147ms] waiting...
2025-05-26 09:55:47.033 [info] [resolveAuthority(codespaces,2)][115149ms] waiting...
2025-05-26 09:55:48.034 [info] [resolveAuthority(codespaces,2)][116150ms] waiting...
2025-05-26 09:55:49.036 [info] [resolveAuthority(codespaces,2)][117152ms] waiting...
2025-05-26 09:55:50.038 [info] [resolveAuthority(codespaces,2)][118154ms] waiting...
2025-05-26 09:55:51.039 [info] [resolveAuthority(codespaces,2)][119155ms] waiting...
2025-05-26 09:55:52.040 [info] [resolveAuthority(codespaces,2)][120156ms] waiting...
2025-05-26 09:55:53.041 [info] [resolveAuthority(codespaces,2)][121157ms] waiting...
2025-05-26 09:55:54.042 [info] [resolveAuthority(codespaces,2)][122158ms] waiting...
2025-05-26 09:55:55.044 [info] [resolveAuthority(codespaces,2)][123160ms] waiting...
2025-05-26 09:55:56.046 [info] [resolveAuthority(codespaces,2)][124162ms] waiting...
2025-05-26 09:55:57.048 [info] [resolveAuthority(codespaces,2)][125164ms] waiting...
2025-05-26 09:55:58.049 [info] [resolveAuthority(codespaces,2)][126165ms] waiting...
2025-05-26 09:55:59.049 [info] [resolveAuthority(codespaces,2)][127165ms] waiting...
2025-05-26 09:56:00.050 [info] [resolveAuthority(codespaces,2)][128166ms] waiting...
2025-05-26 09:56:01.052 [info] [resolveAuthority(codespaces,2)][129168ms] waiting...
2025-05-26 09:56:02.053 [info] [resolveAuthority(codespaces,2)][130169ms] waiting...
2025-05-26 09:56:03.055 [info] [resolveAuthority(codespaces,2)][131171ms] waiting...
2025-05-26 09:56:04.057 [info] [resolveAuthority(codespaces,2)][132173ms] waiting...
2025-05-26 09:56:05.059 [info] [resolveAuthority(codespaces,2)][133175ms] waiting...
2025-05-26 09:56:06.059 [info] [resolveAuthority(codespaces,2)][134175ms] waiting...
2025-05-26 09:56:07.061 [info] [resolveAuthority(codespaces,2)][135177ms] waiting...
2025-05-26 09:56:08.063 [info] [resolveAuthority(codespaces,2)][136179ms] waiting...
2025-05-26 09:56:09.064 [info] [resolveAuthority(codespaces,2)][137180ms] waiting...
2025-05-26 09:56:10.066 [info] [resolveAuthority(codespaces,2)][138182ms] waiting...
2025-05-26 09:56:11.068 [info] [resolveAuthority(codespaces,2)][139184ms] waiting...
2025-05-26 09:56:12.070 [info] [resolveAuthority(codespaces,2)][140186ms] waiting...
2025-05-26 09:56:13.070 [info] [resolveAuthority(codespaces,2)][141186ms] waiting...
2025-05-26 09:56:14.071 [info] [resolveAuthority(codespaces,2)][142187ms] waiting...
2025-05-26 09:56:15.073 [info] [resolveAuthority(codespaces,2)][143189ms] waiting...
2025-05-26 09:56:16.075 [info] [resolveAuthority(codespaces,2)][144191ms] waiting...
2025-05-26 09:56:17.075 [info] [resolveAuthority(codespaces,2)][145191ms] waiting...
2025-05-26 09:56:18.077 [info] [resolveAuthority(codespaces,2)][146193ms] waiting...
2025-05-26 09:56:19.079 [info] [resolveAuthority(codespaces,2)][147195ms] waiting...
2025-05-26 09:56:20.080 [info] [resolveAuthority(codespaces,2)][148196ms] waiting...
2025-05-26 09:56:21.081 [info] [resolveAuthority(codespaces,2)][149197ms] waiting...
2025-05-26 09:56:22.083 [info] [resolveAuthority(codespaces,2)][150199ms] waiting...
2025-05-26 09:56:23.085 [info] [resolveAuthority(codespaces,2)][151201ms] waiting...
2025-05-26 09:56:24.086 [info] [resolveAuthority(codespaces,2)][152202ms] waiting...
2025-05-26 09:56:25.087 [info] [resolveAuthority(codespaces,2)][153203ms] waiting...
2025-05-26 09:56:26.089 [info] [resolveAuthority(codespaces,2)][154205ms] waiting...
2025-05-26 09:56:27.089 [info] [resolveAuthority(codespaces,2)][155205ms] waiting...
2025-05-26 09:56:28.091 [info] [resolveAuthority(codespaces,2)][156207ms] waiting...
2025-05-26 09:56:29.093 [info] [resolveAuthority(codespaces,2)][157209ms] waiting...
2025-05-26 09:56:30.094 [info] [resolveAuthority(codespaces,2)][158210ms] waiting...
2025-05-26 09:56:31.096 [info] [resolveAuthority(codespaces,2)][159212ms] waiting...
2025-05-26 09:56:32.097 [info] [resolveAuthority(codespaces,2)][160213ms] waiting...
2025-05-26 09:56:33.099 [info] [resolveAuthority(codespaces,2)][161215ms] waiting...
2025-05-26 09:56:34.101 [info] [resolveAuthority(codespaces,2)][162217ms] waiting...
2025-05-26 09:56:35.102 [info] [resolveAuthority(codespaces,2)][163217ms] waiting...
2025-05-26 09:56:36.103 [info] [resolveAuthority(codespaces,2)][164219ms] waiting...
2025-05-26 09:56:37.105 [info] [resolveAuthority(codespaces,2)][165221ms] waiting...
2025-05-26 09:56:38.107 [info] [resolveAuthority(codespaces,2)][166223ms] waiting...
2025-05-26 09:56:39.109 [info] [resolveAuthority(codespaces,2)][167225ms] waiting...
2025-05-26 09:56:40.111 [info] [resolveAuthority(codespaces,2)][168227ms] waiting...
2025-05-26 09:56:41.113 [info] [resolveAuthority(codespaces,2)][169229ms] waiting...
2025-05-26 09:56:42.114 [info] [resolveAuthority(codespaces,2)][170230ms] waiting...
2025-05-26 09:56:43.116 [info] [resolveAuthority(codespaces,2)][171232ms] waiting...
2025-05-26 09:56:44.118 [info] [resolveAuthority(codespaces,2)][172234ms] waiting...
2025-05-26 09:56:45.120 [info] [resolveAuthority(codespaces,2)][173236ms] waiting...
2025-05-26 09:56:46.121 [info] [resolveAuthority(codespaces,2)][174237ms] waiting...
2025-05-26 09:56:47.121 [info] [resolveAuthority(codespaces,2)][175237ms] waiting...
2025-05-26 09:56:48.123 [info] [resolveAuthority(codespaces,2)][176239ms] waiting...
2025-05-26 09:56:49.125 [info] [resolveAuthority(codespaces,2)][177241ms] waiting...
2025-05-26 09:56:50.127 [info] [resolveAuthority(codespaces,2)][178243ms] waiting...
2025-05-26 09:56:51.129 [info] [resolveAuthority(codespaces,2)][179245ms] waiting...
2025-05-26 09:56:52.129 [info] [resolveAuthority(codespaces,2)][180245ms] waiting...
2025-05-26 09:56:53.130 [info] [resolveAuthority(codespaces,2)][181246ms] waiting...
2025-05-26 09:56:54.131 [info] [resolveAuthority(codespaces,2)][182247ms] waiting...
2025-05-26 09:56:55.133 [info] [resolveAuthority(codespaces,2)][183249ms] waiting...
2025-05-26 09:56:56.134 [info] [resolveAuthority(codespaces,2)][184250ms] waiting...
2025-05-26 09:56:57.135 [info] [resolveAuthority(codespaces,2)][185251ms] waiting...
2025-05-26 09:56:58.136 [info] [resolveAuthority(codespaces,2)][186252ms] waiting...
2025-05-26 09:56:59.137 [info] [resolveAuthority(codespaces,2)][187253ms] waiting...
2025-05-26 09:57:00.138 [info] [resolveAuthority(codespaces,2)][188253ms] waiting...
2025-05-26 09:57:01.139 [info] [resolveAuthority(codespaces,2)][189255ms] waiting...
2025-05-26 09:57:02.141 [info] [resolveAuthority(codespaces,2)][190257ms] waiting...
2025-05-26 09:57:03.143 [info] [resolveAuthority(codespaces,2)][191259ms] waiting...
2025-05-26 09:57:04.144 [info] [resolveAuthority(codespaces,2)][192260ms] waiting...
2025-05-26 09:57:05.146 [info] [resolveAuthority(codespaces,2)][193262ms] waiting...
2025-05-26 09:57:06.148 [info] [resolveAuthority(codespaces,2)][194264ms] waiting...
2025-05-26 09:57:07.150 [info] [resolveAuthority(codespaces,2)][195266ms] waiting...
2025-05-26 09:57:08.151 [info] [resolveAuthority(codespaces,2)][196267ms] waiting...
2025-05-26 09:57:09.152 [info] [resolveAuthority(codespaces,2)][197268ms] waiting...
2025-05-26 09:57:10.152 [info] [resolveAuthority(codespaces,2)][198268ms] waiting...
2025-05-26 09:57:11.154 [info] [resolveAuthority(codespaces,2)][199270ms] waiting...
2025-05-26 09:57:12.156 [info] [resolveAuthority(codespaces,2)][200272ms] waiting...
2025-05-26 09:57:13.157 [info] [resolveAuthority(codespaces,2)][201273ms] waiting...
2025-05-26 09:57:14.157 [info] [resolveAuthority(codespaces,2)][202273ms] waiting...
2025-05-26 09:57:15.159 [info] [resolveAuthority(codespaces,2)][203275ms] waiting...
2025-05-26 09:57:16.159 [info] [resolveAuthority(codespaces,2)][204275ms] waiting...
2025-05-26 09:57:17.160 [info] [resolveAuthority(codespaces,2)][205276ms] waiting...
2025-05-26 09:57:18.162 [info] [resolveAuthority(codespaces,2)][206278ms] waiting...
2025-05-26 09:57:19.163 [info] [resolveAuthority(codespaces,2)][207279ms] waiting...
2025-05-26 09:57:20.163 [info] [resolveAuthority(codespaces,2)][208279ms] waiting...
2025-05-26 09:57:21.164 [info] [resolveAuthority(codespaces,2)][209280ms] waiting...
2025-05-26 09:57:22.165 [info] [resolveAuthority(codespaces,2)][210281ms] waiting...
2025-05-26 09:57:23.167 [info] [resolveAuthority(codespaces,2)][211283ms] waiting...
2025-05-26 09:57:24.168 [info] [resolveAuthority(codespaces,2)][212284ms] waiting...
2025-05-26 09:57:25.169 [info] [resolveAuthority(codespaces,2)][213285ms] waiting...
2025-05-26 09:57:26.170 [info] [resolveAuthority(codespaces,2)][214286ms] waiting...
2025-05-26 09:57:27.171 [info] [resolveAuthority(codespaces,2)][215287ms] waiting...
2025-05-26 09:57:28.172 [info] [resolveAuthority(codespaces,2)][216288ms] waiting...
2025-05-26 09:57:29.173 [info] [resolveAuthority(codespaces,2)][217289ms] waiting...
2025-05-26 09:57:29.576 [info] Extension host terminating: renderer closed the MessagePort
2025-05-26 09:57:29.585 [info] Extension host with pid 65031 exiting with code 0
2025-05-26 09:57:30.295 [info] Extension host with pid 75514 started
2025-05-26 09:57:30.295 [info] Skipping acquiring lock for /home/waturrr/.config/Code/User/workspaceStorage/3f859aa6bc6498e21b6e6d75525e49b9.
2025-05-26 09:57:30.300 [info] $getCanonicalURI invoked for authority (codespaces)
2025-05-26 09:57:30.302 [info] ExtensionService#_doActivateExtension GitHub.codespaces, startup: false, activationEvent: 'onResolveRemoteAuthority:codespaces'
2025-05-26 09:57:30.528 [info] ExtensionService#_doActivateExtension vscode.github-authentication, startup: false, activationEvent: 'api', root cause: GitHub.codespaces
2025-05-26 09:57:31.879 [info] [resolveAuthority(codespaces,1)][0ms] activating remote resolvers codespaces+refactored-journey-q5j5r4gxgjph4qp
2025-05-26 09:57:31.879 [info] [resolveAuthority(codespaces,1)][0ms] activating resolver for codespaces+refactored-journey-q5j5r4gxgjph4qp...
2025-05-26 09:57:31.880 [info] [resolveAuthority(codespaces,1)][1ms] invoking final resolve()...
2025-05-26 09:57:32.880 [info] [resolveAuthority(codespaces,1)][1001ms] waiting...
2025-05-26 09:57:33.883 [info] [resolveAuthority(codespaces,1)][2004ms] waiting...
2025-05-26 09:57:34.884 [info] [resolveAuthority(codespaces,1)][3005ms] waiting...
2025-05-26 09:57:35.884 [info] [resolveAuthority(codespaces,1)][4005ms] waiting...
2025-05-26 09:57:36.884 [info] [resolveAuthority(codespaces,1)][5005ms] waiting...
2025-05-26 09:57:38.168 [info] [resolveAuthority(codespaces,1)][6289ms] waiting...
2025-05-26 09:57:39.168 [info] [resolveAuthority(codespaces,1)][7289ms] waiting...
2025-05-26 09:57:40.168 [info] [resolveAuthority(codespaces,1)][8289ms] waiting...
2025-05-26 09:57:41.167 [info] [resolveAuthority(codespaces,1)][9288ms] waiting...
2025-05-26 09:57:42.167 [info] [resolveAuthority(codespaces,1)][10288ms] waiting...
2025-05-26 09:57:43.167 [info] [resolveAuthority(codespaces,1)][11288ms] waiting...
2025-05-26 09:57:44.168 [info] [resolveAuthority(codespaces,1)][12289ms] waiting...
2025-05-26 09:57:45.168 [info] [resolveAuthority(codespaces,1)][13289ms] waiting...
2025-05-26 09:57:46.169 [info] [resolveAuthority(codespaces,1)][14290ms] waiting...
2025-05-26 09:57:47.170 [info] [resolveAuthority(codespaces,1)][15291ms] waiting...
2025-05-26 09:57:48.171 [info] [resolveAuthority(codespaces,1)][16292ms] waiting...
2025-05-26 09:57:49.171 [info] [resolveAuthority(codespaces,1)][17292ms] waiting...
2025-05-26 09:57:50.172 [info] [resolveAuthority(codespaces,1)][18293ms] waiting...
2025-05-26 09:57:51.187 [info] [resolveAuthority(codespaces,1)][19308ms] waiting...
2025-05-26 09:57:51.416 [info] [resolveAuthority(codespaces,1)][19537ms] setting tunnel factory...
2025-05-26 09:57:51.417 [info] [resolveAuthority(codespaces,1)][19538ms] returned 127.0.0.1:40689
2025-05-26 09:57:52.944 [info] ExtensionService#_doActivateExtension be5invis.vscode-custom-css, startup: true, activationEvent: '*'
2025-05-26 09:57:52.979 [info] Eager extensions activated
2025-05-26 09:57:52.995 [info] ExtensionService#_doActivateExtension Catppuccin.catppuccin-vsc, startup: false, activationEvent: 'onStartupFinished'
2025-05-26 09:57:53.000 [info] ExtensionService#_doActivateExtension Catppuccin.catppuccin-vsc-icons, startup: false, activationEvent: 'onStartupFinished'
2025-05-26 10:09:56.839 [info] ExtensionService#_doActivateExtension vscode.simple-browser, startup: false, activationEvent: 'onOpenExternalUri:https'
2025-05-26 10:31:14.073 [info] Extension host terminating: renderer closed the MessagePort
2025-05-26 10:31:14.088 [info] Extension host with pid 75514 exiting with code 0
