2025-05-23 17:06:07.730 [trace] sharedProcess configuration {"machineId":"6a6b928f3957c258e84d54932a79f1d7f3798ddd111d0b931a102f6afa926e7f","sqmId":"","devDeviceId":"7f04e124-8947-4f27-92db-493ac2082cbc","codeCachePath":"/home/waturrr/.config/Code - OSS/CachedData/848b80aeb52026648a8ff9f7c45a9b0a80641e2e","profiles":{"home":{"scheme":"vscode-userdata","authority":"","path":"/home/waturrr/.config/Code - OSS/User/profiles","query":"","fragment":"","_formatted":null,"_fsPath":null},"all":[{"id":"__default__profile__","name":"Default","location":{"scheme":"vscode-userdata","authority":"","path":"/home/waturrr/.config/Code - OSS/User","query":"","fragment":"","_formatted":null,"_fsPath":null},"isDefault":true,"globalStorageHome":{"scheme":"vscode-userdata","authority":"","path":"/home/waturrr/.config/Code - OSS/User/globalStorage","query":"","fragment":"","_formatted":null,"_fsPath":null},"settingsResource":{"scheme":"vscode-userdata","authority":"","path":"/home/waturrr/.config/Code - OSS/User/settings.json","query":"","fragment":"","_formatted":null,"_fsPath":null},"keybindingsResource":{"scheme":"vscode-userdata","authority":"","path":"/home/waturrr/.config/Code - OSS/User/keybindings.json","query":"","fragment":"","_formatted":null,"_fsPath":null},"tasksResource":{"scheme":"vscode-userdata","authority":"","path":"/home/waturrr/.config/Code - OSS/User/tasks.json","query":"","fragment":"","_formatted":null,"_fsPath":null},"snippetsHome":{"scheme":"vscode-userdata","authority":"","path":"/home/waturrr/.config/Code - OSS/User/snippets","query":"","fragment":"","_formatted":null,"_fsPath":null},"promptsHome":{"scheme":"vscode-userdata","authority":"","path":"/home/waturrr/.config/Code - OSS/User/prompts","query":"","fragment":"","_formatted":null,"_fsPath":null},"extensionsResource":{"scheme":"vscode-userdata","authority":"","path":"/home/waturrr/.vscode-oss/extensions/extensions.json","query":"","fragment":"","_formatted":null,"_fsPath":null},"cacheHome":{"scheme":"file","authority":"","path":"/home/waturrr/.config/Code - OSS/CachedProfilesData/__default__profile__","query":"","fragment":"","_formatted":null,"_fsPath":null}}]},"args":{"_":[],"diff":false,"merge":false,"add":false,"remove":false,"goto":false,"new-window":false,"reuse-window":false,"wait":false,"help":false,"list-extensions":false,"show-versions":false,"pre-release":false,"update-extensions":false,"version":false,"verbose":true,"status":false,"prof-startup":false,"no-cached-data":false,"prof-v8-extensions":false,"disable-extensions":false,"disable-lcd-text":false,"disable-gpu":false,"disable-chromium-sandbox":false,"sandbox":false,"telemetry":false,"debugRenderer":false,"enable-smoke-test-driver":false,"logExtensionHostCommunication":false,"skip-release-notes":false,"skip-welcome":false,"disable-telemetry":false,"disable-updates":false,"use-inmemory-secretstorage":false,"disable-workspace-trust":false,"disable-crash-reporter":false,"skip-add-to-recently-opened":false,"open-url":false,"file-write":false,"file-chmod":false,"force":false,"do-not-sync":false,"do-not-include-pack-dependencies":false,"trace":false,"trace-memory-infra":false,"preserve-env":false,"force-user-env":false,"force-disable-user-env":false,"open-devtools":false,"disable-gpu-sandbox":false,"__enable-file-policy":false,"enable-coi":false,"no-proxy-server":false,"no-sandbox":false,"nolazy":false,"force-renderer-accessibility":false,"ignore-certificate-errors":false,"allow-insecure-localhost":false,"disable-dev-shm-usage":false,"profile-temp":false,"logsPath":"/home/waturrr/.config/Code - OSS/logs/20250523T170607"},"logLevel":1,"loggers":[{"resource":{"scheme":"file","authority":"","path":"/home/waturrr/.config/Code - OSS/logs/20250523T170607/main.log","query":"","fragment":"","_formatted":"file:///home/waturrr/.config/Code%20-%20OSS/logs/20250523T170607/main.log","_fsPath":"/home/waturrr/.config/Code - OSS/logs/20250523T170607/main.log"},"id":"main","name":"Main"}]}
2025-05-23 17:06:07.731 [trace] Started scanning system extensions
2025-05-23 17:06:07.731 [trace] Started scanning user extensions {"$mid":1,"external":"vscode-userdata:/home/waturrr/.vscode-oss/extensions/extensions.json","path":"/home/waturrr/.vscode-oss/extensions/extensions.json","scheme":"vscode-userdata"}
2025-05-23 17:06:07.731 [trace] ExtensionManagementService#cleanUp
2025-05-23 17:06:07.731 [trace] ExtensionManagementService#removeTempDeleteFolders
2025-05-23 17:06:07.731 [trace] ExtensionManagementService.updateControlCache
2025-05-23 17:06:07.731 [trace] Started scanning user extensions {"$mid":1,"external":"vscode-userdata:/home/waturrr/.vscode-oss/extensions/extensions.json","path":"/home/waturrr/.vscode-oss/extensions/extensions.json","scheme":"vscode-userdata"}
2025-05-23 17:06:07.735 [trace] Extension VSIX downloads cache dir does not exist
2025-05-23 17:06:07.739 [trace] [File Watcher (node.js)] Request to start watching: /home/waturrr/.vscode-oss/extensions (excludes: <none>, includes: <all>, filter: <none>, correlationId: <none>)
2025-05-23 17:06:07.748 [debug] Writing language packs {}
2025-05-23 17:06:07.749 [debug] No extensions are marked as removed.
2025-05-23 17:06:07.763 [trace] [File Watcher (node.js)] Started watching: '/home/waturrr/.vscode-oss/extensions'
2025-05-23 17:06:07.764 [info] ComputeTargetPlatform: linux-x64
2025-05-23 17:06:07.764 [trace] Scanned user extensions: 0
2025-05-23 17:06:07.764 [trace] Scanned user extensions: 0
2025-05-23 17:06:07.809 [trace] Scanned system extensions: 91
2025-05-23 17:06:07.839 [debug] Writing language packs {}
2025-05-23 17:06:10.726 [trace] Started scanning system extensions
2025-05-23 17:06:10.726 [trace] Started scanning user extensions {"$mid":1,"external":"vscode-userdata:/home/waturrr/.vscode-oss/extensions/extensions.json","path":"/home/waturrr/.vscode-oss/extensions/extensions.json","scheme":"vscode-userdata"}
2025-05-23 17:06:10.733 [debug] Using cached extensions scan result system file:///usr/lib/code/extensions
2025-05-23 17:06:10.733 [trace] Scanned system extensions: 91
2025-05-23 17:06:10.733 [trace] Scanned user extensions: 0
2025-05-23 17:06:17.730 [trace] [logs cleanup]: Starting to clean up old logs.
2025-05-23 17:06:17.730 [trace] [logs cleanup]: Removing log folders '20250523T165329, 20250523T165405'
2025-05-23 17:06:28.031 [trace] Started scanning system extensions
2025-05-23 17:06:28.031 [trace] Started scanning user extensions {"$mid":1,"external":"vscode-userdata:/home/waturrr/.vscode-oss/extensions/extensions.json","path":"/home/waturrr/.vscode-oss/extensions/extensions.json","scheme":"vscode-userdata"}
2025-05-23 17:06:28.034 [trace] Scanned user extensions: 0
2025-05-23 17:06:28.039 [debug] Using cached extensions scan result system file:///usr/lib/code/extensions
2025-05-23 17:06:28.039 [trace] Scanned system extensions: 91
2025-05-23 17:06:37.726 [trace] [code cache cleanup]: Starting to clean up old code cache folders.
2025-05-23 17:06:37.726 [trace] [storage cleanup]: Starting to clean up workspace storage folders for unused empty workspaces.
2025-05-23 17:06:47.727 [trace] [language pack cache cleanup]: Starting to clean up unused language packs.
2025-05-23 17:07:38.628 [trace] Started scanning system extensions
2025-05-23 17:07:38.628 [trace] Started scanning user extensions {"$mid":1,"external":"vscode-userdata:/home/waturrr/.vscode-oss/extensions/extensions.json","path":"/home/waturrr/.vscode-oss/extensions/extensions.json","scheme":"vscode-userdata"}
2025-05-23 17:07:38.640 [debug] Using cached extensions scan result system file:///usr/lib/code/extensions
2025-05-23 17:07:38.640 [trace] Scanned system extensions: 91
2025-05-23 17:07:38.640 [trace] Scanned user extensions: 0
2025-05-23 17:11:07.881 [trace] ExtensionManagementService.updateControlCache
