2025-05-23 17:06:08.207 [info] [main] Log level: Trace
2025-05-23 17:06:08.207 [info] [main] Validating found git in: "git"
2025-05-23 17:06:08.207 [info] [main] Using git "2.49.0" from "git"
2025-05-23 17:06:08.207 [info] [Model][doInitialScan] Initial repository scan started
2025-05-23 17:06:08.207 [trace] [Model][doInitialScan] Settings: autoRepositoryDetection=true, openRepositoryInParentFolders=prompt
2025-05-23 17:06:08.207 [trace] [Model][onDidChangeWorkspaceFolders] Workspace folders: []
2025-05-23 17:06:08.207 [trace] [Model][onDidChangeVisibleTextEditors] Open repository for editor resource /home/waturrr/.config/Code - OSS/User/settings.json
2025-05-23 17:06:08.207 [trace] [Model][openRepository] Repository: /home/waturrr/.config/Code - OSS/User
2025-05-23 17:06:08.207 [info] > git rev-parse --show-toplevel [3ms]
2025-05-23 17:06:08.207 [info] fatal: not a git repository (or any of the parent directories): .git
2025-05-23 17:06:08.207 [trace] [Model][openRepository] Opening repository for path='/home/waturrr/.config/Code - OSS/User' failed. Error:Failed to execute git {
  "exitCode": 128,
  "gitErrorCode": "NotAGitRepository",
  "gitCommand": "rev-parse",
  "stdout": "",
  "stderr": "fatal: not a git repository (or any of the parent directories): .git\n"
}
2025-05-23 17:06:08.207 [info] [Model][doInitialScan] Initial repository scan completed - repositories (0), closed repositories (0), parent repositories (0), unsafe repositories (0)
2025-05-23 17:06:15.511 [trace] [Model][onDidChangeConfiguration] Workspace folders: []
2025-05-23 17:07:38.637 [trace] [Model][onDidChangeConfiguration] Workspace folders: []
2025-05-23 17:07:38.700 [trace] [Model][onDidChangeConfiguration] Workspace folders: []
2025-05-23 17:07:38.782 [trace] [Model][onDidChangeConfiguration] Workspace folders: []
