2025-05-26 10:27:36.728 [info] [main] Log level: Info
2025-05-26 10:27:36.728 [info] [main] Validating found git in: "git"
2025-05-26 10:27:36.728 [info] [main] Using git "2.49.0" from "git"
2025-05-26 10:27:36.728 [info] [Model][doInitialScan] Initial repository scan started
2025-05-26 10:27:36.728 [info] > git rev-parse --show-toplevel [614ms]
2025-05-26 10:27:36.728 [info] fatal: not a git repository (or any of the parent directories): .git
2025-05-26 10:27:36.728 [info] > git rev-parse --show-toplevel [77ms]
2025-05-26 10:27:36.728 [info] fatal: not a git repository (or any of the parent directories): .git
2025-05-26 10:27:36.728 [info] > git rev-parse --show-toplevel [105ms]
2025-05-26 10:27:36.728 [info] fatal: not a git repository (or any of the parent directories): .git
2025-05-26 10:27:37.011 [info] > git rev-parse --show-toplevel [6ms]
2025-05-26 10:27:37.011 [info] fatal: not a git repository (or any of the parent directories): .git
2025-05-26 10:27:37.021 [info] > git rev-parse --show-toplevel [2ms]
2025-05-26 10:27:37.021 [info] fatal: not a git repository (or any of the parent directories): .git
2025-05-26 10:27:37.030 [info] > git rev-parse --show-toplevel [1ms]
2025-05-26 10:27:37.030 [info] fatal: not a git repository (or any of the parent directories): .git
2025-05-26 10:27:37.038 [info] > git rev-parse --show-toplevel [1ms]
2025-05-26 10:27:37.038 [info] fatal: not a git repository (or any of the parent directories): .git
2025-05-26 10:27:37.047 [info] > git rev-parse --show-toplevel [0ms]
2025-05-26 10:27:37.047 [info] fatal: not a git repository (or any of the parent directories): .git
2025-05-26 10:27:37.056 [info] > git rev-parse --show-toplevel [1ms]
2025-05-26 10:27:37.056 [info] fatal: not a git repository (or any of the parent directories): .git
2025-05-26 10:27:37.071 [info] > git rev-parse --show-toplevel [5ms]
2025-05-26 10:27:37.071 [info] fatal: not a git repository (or any of the parent directories): .git
2025-05-26 10:27:37.081 [info] > git rev-parse --show-toplevel [1ms]
2025-05-26 10:27:37.081 [info] fatal: not a git repository (or any of the parent directories): .git
2025-05-26 10:27:37.089 [info] > git rev-parse --show-toplevel [1ms]
2025-05-26 10:27:37.089 [info] fatal: not a git repository (or any of the parent directories): .git
2025-05-26 10:27:37.098 [info] > git rev-parse --show-toplevel [1ms]
2025-05-26 10:27:37.098 [info] fatal: not a git repository (or any of the parent directories): .git
2025-05-26 10:27:37.127 [info] > git rev-parse --show-toplevel [21ms]
2025-05-26 10:27:37.127 [info] fatal: not a git repository (or any of the parent directories): .git
2025-05-26 10:27:37.147 [info] > git rev-parse --show-toplevel [10ms]
2025-05-26 10:27:37.147 [info] fatal: not a git repository (or any of the parent directories): .git
2025-05-26 10:27:37.182 [info] > git rev-parse --show-toplevel [23ms]
2025-05-26 10:27:37.182 [info] fatal: not a git repository (or any of the parent directories): .git
2025-05-26 10:27:37.264 [info] > git rev-parse --show-toplevel [68ms]
2025-05-26 10:27:37.264 [info] fatal: not a git repository (or any of the parent directories): .git
2025-05-26 10:27:37.274 [info] > git rev-parse --show-toplevel [1ms]
2025-05-26 10:27:37.274 [info] fatal: not a git repository (or any of the parent directories): .git
2025-05-26 10:27:37.283 [info] > git rev-parse --show-toplevel [1ms]
2025-05-26 10:27:37.283 [info] fatal: not a git repository (or any of the parent directories): .git
2025-05-26 10:27:37.291 [info] > git rev-parse --show-toplevel [0ms]
2025-05-26 10:27:37.292 [info] fatal: not a git repository (or any of the parent directories): .git
2025-05-26 10:27:37.300 [info] > git rev-parse --show-toplevel [0ms]
2025-05-26 10:27:37.300 [info] fatal: not a git repository (or any of the parent directories): .git
2025-05-26 10:27:37.308 [info] > git rev-parse --show-toplevel [0ms]
2025-05-26 10:27:37.308 [info] fatal: not a git repository (or any of the parent directories): .git
2025-05-26 10:27:37.317 [info] > git rev-parse --show-toplevel [1ms]
2025-05-26 10:27:37.317 [info] fatal: not a git repository (or any of the parent directories): .git
2025-05-26 10:27:37.325 [info] > git rev-parse --show-toplevel [1ms]
2025-05-26 10:27:37.325 [info] fatal: not a git repository (or any of the parent directories): .git
2025-05-26 10:27:37.334 [info] > git rev-parse --show-toplevel [1ms]
2025-05-26 10:27:37.334 [info] fatal: not a git repository (or any of the parent directories): .git
2025-05-26 10:27:37.345 [info] > git rev-parse --show-toplevel [3ms]
2025-05-26 10:27:37.345 [info] fatal: not a git repository (or any of the parent directories): .git
2025-05-26 10:27:37.355 [info] > git rev-parse --show-toplevel [1ms]
2025-05-26 10:27:37.355 [info] fatal: not a git repository (or any of the parent directories): .git
2025-05-26 10:27:37.364 [info] > git rev-parse --show-toplevel [1ms]
2025-05-26 10:27:37.364 [info] fatal: not a git repository (or any of the parent directories): .git
2025-05-26 10:27:37.373 [info] > git rev-parse --show-toplevel [1ms]
2025-05-26 10:27:37.373 [info] fatal: not a git repository (or any of the parent directories): .git
2025-05-26 10:27:37.381 [info] > git rev-parse --show-toplevel [1ms]
2025-05-26 10:27:37.381 [info] fatal: not a git repository (or any of the parent directories): .git
2025-05-26 10:27:37.390 [info] > git rev-parse --show-toplevel [1ms]
2025-05-26 10:27:37.390 [info] fatal: not a git repository (or any of the parent directories): .git
2025-05-26 10:27:37.398 [info] > git rev-parse --show-toplevel [1ms]
2025-05-26 10:27:37.398 [info] fatal: not a git repository (or any of the parent directories): .git
2025-05-26 10:27:37.406 [info] > git rev-parse --show-toplevel [1ms]
2025-05-26 10:27:37.406 [info] fatal: not a git repository (or any of the parent directories): .git
2025-05-26 10:27:37.416 [info] > git rev-parse --show-toplevel [2ms]
2025-05-26 10:27:37.416 [info] fatal: not a git repository (or any of the parent directories): .git
2025-05-26 10:27:37.429 [info] > git rev-parse --show-toplevel [3ms]
2025-05-26 10:27:37.430 [info] fatal: not a git repository (or any of the parent directories): .git
2025-05-26 10:27:37.475 [info] > git rev-parse --show-toplevel [37ms]
2025-05-26 10:27:37.475 [info] fatal: not a git repository (or any of the parent directories): .git
2025-05-26 10:27:37.485 [info] > git rev-parse --show-toplevel [0ms]
2025-05-26 10:27:37.485 [info] fatal: not a git repository (or any of the parent directories): .git
2025-05-26 10:27:37.494 [info] > git rev-parse --show-toplevel [1ms]
2025-05-26 10:27:37.494 [info] fatal: not a git repository (or any of the parent directories): .git
2025-05-26 10:27:37.503 [info] > git rev-parse --show-toplevel [1ms]
2025-05-26 10:27:37.503 [info] fatal: not a git repository (or any of the parent directories): .git
2025-05-26 10:27:37.512 [info] > git rev-parse --show-toplevel [1ms]
2025-05-26 10:27:37.512 [info] fatal: not a git repository (or any of the parent directories): .git
2025-05-26 10:27:37.520 [info] > git rev-parse --show-toplevel [1ms]
2025-05-26 10:27:37.520 [info] fatal: not a git repository (or any of the parent directories): .git
2025-05-26 10:27:37.530 [info] > git rev-parse --show-toplevel [2ms]
2025-05-26 10:27:37.530 [info] fatal: not a git repository (or any of the parent directories): .git
2025-05-26 10:27:37.539 [info] > git rev-parse --show-toplevel [1ms]
2025-05-26 10:27:37.539 [info] fatal: not a git repository (or any of the parent directories): .git
2025-05-26 10:27:37.545 [info] > git rev-parse --show-toplevel [0ms]
2025-05-26 10:27:37.545 [info] fatal: not a git repository (or any of the parent directories): .git
2025-05-26 10:27:37.554 [info] > git rev-parse --show-toplevel [1ms]
2025-05-26 10:27:37.554 [info] fatal: not a git repository (or any of the parent directories): .git
2025-05-26 10:27:37.581 [info] > git rev-parse --show-toplevel [17ms]
2025-05-26 10:27:37.581 [info] fatal: not a git repository (or any of the parent directories): .git
2025-05-26 10:27:37.595 [info] > git rev-parse --show-toplevel [1ms]
2025-05-26 10:27:37.595 [info] fatal: not a git repository (or any of the parent directories): .git
2025-05-26 10:27:37.603 [info] > git rev-parse --show-toplevel [0ms]
2025-05-26 10:27:37.603 [info] fatal: not a git repository (or any of the parent directories): .git
2025-05-26 10:27:37.611 [info] > git rev-parse --show-toplevel [0ms]
2025-05-26 10:27:37.611 [info] fatal: not a git repository (or any of the parent directories): .git
2025-05-26 10:27:37.620 [info] > git rev-parse --show-toplevel [0ms]
2025-05-26 10:27:37.620 [info] fatal: not a git repository (or any of the parent directories): .git
2025-05-26 10:27:37.621 [info] [Model][doInitialScan] Initial repository scan completed - repositories (0), closed repositories (0), parent repositories (0), unsafe repositories (0)
2025-05-26 10:27:37.631 [info] > git rev-parse --show-toplevel [1ms]
2025-05-26 10:27:37.631 [info] fatal: not a git repository (or any of the parent directories): .git
2025-05-26 10:32:02.800 [info] > git rev-parse --show-toplevel [2ms]
2025-05-26 10:32:02.800 [info] fatal: not a git repository (or any of the parent directories): .git
2025-05-26 10:32:44.672 [info] > git init -b main [11ms]
2025-05-26 10:32:44.687 [info] > git rev-parse --show-toplevel [1ms]
2025-05-26 10:32:44.699 [info] > git rev-parse --git-dir --git-common-dir [1ms]
2025-05-26 10:32:44.717 [info] [Model][openRepository] Opened repository (path): /home/waturrr/.config
2025-05-26 10:32:44.717 [info] [Model][openRepository] Opened repository (real path): /home/waturrr/.config
2025-05-26 10:32:44.729 [info] > git fetch [12ms]
2025-05-26 10:32:44.742 [info] > git config --get commit.template [13ms]
2025-05-26 10:32:44.748 [info] > git config --get commit.template [7ms]
2025-05-26 10:32:44.763 [info] [Git][getRemotes] No remotes found in the git config file
2025-05-26 10:32:44.774 [info] [Git][getRemotes] No remotes found in the git config file
2025-05-26 10:32:44.776 [info] > git for-each-ref --format=%(refname)%00%(upstream:short)%00%(objectname)%00%(upstream:track)%00%(upstream:remotename)%00%(upstream:remoteref) refs/heads/main refs/remotes/main [14ms]
2025-05-26 10:32:44.776 [warning] [Git][getBranch] No such branch: main
2025-05-26 10:32:44.807 [info] > git for-each-ref --format=%(refname)%00%(upstream:short)%00%(objectname)%00%(upstream:track)%00%(upstream:remotename)%00%(upstream:remoteref) refs/heads/main refs/remotes/main [18ms]
2025-05-26 10:32:44.807 [warning] [Git][getBranch] No such branch: main
2025-05-26 10:32:44.807 [error] [GitHistoryProvider][resolveHEADMergeBase] Failed to resolve merge base for main: Error: No such branch: main.
2025-05-26 10:32:44.808 [info] > git for-each-ref --format=%(refname)%00%(upstream:short)%00%(objectname)%00%(upstream:track)%00%(upstream:remotename)%00%(upstream:remoteref) refs/heads/main refs/remotes/main [34ms]
2025-05-26 10:32:44.808 [warning] [Git][getBranch] No such branch: main
2025-05-26 10:32:44.809 [info] > git config --get commit.template [3ms]
2025-05-26 10:32:44.833 [info] [Git][getRemotes] No remotes found in the git config file
2025-05-26 10:32:44.833 [info] > git log --format=%H%n%aN%n%aE%n%at%n%ct%n%P%n%D%n%B -z --shortstat --diff-merges=first-parent -n50 --skip=0 --topo-order --decorate=full --stdin [11ms]
2025-05-26 10:32:44.833 [info] fatal: bad revision 'refs/heads/main'
2025-05-26 10:32:44.833 [error] [GitHistoryProvider][provideHistoryItems] Failed to get history items with options '{"historyItemRefs":["refs/heads/main"],"limit":50,"skip":0}': Failed to execute git {
  "exitCode": 128,
  "gitCommand": "log",
  "stdout": "",
  "stderr": "fatal: bad revision 'refs/heads/main'\n"
}
2025-05-26 10:32:44.834 [info] > git for-each-ref --format=%(refname)%00%(upstream:short)%00%(objectname)%00%(upstream:track)%00%(upstream:remotename)%00%(upstream:remoteref) refs/heads/main refs/remotes/main [1ms]
2025-05-26 10:32:44.834 [warning] [Git][getBranch] No such branch: main
2025-05-26 10:32:44.855 [info] > git for-each-ref --sort -committerdate --format %(refname)%00%(objectname)%00%(*objectname) [0ms]
2025-05-26 10:32:44.862 [info] > git status -z -uall [18ms]
2025-05-26 10:32:44.909 [info] > git config --get commit.template [2ms]
2025-05-26 10:32:44.909 [info] [Git][getRemotes] No remotes found in the git config file
2025-05-26 10:32:44.920 [info] > git for-each-ref --format=%(refname)%00%(upstream:short)%00%(objectname)%00%(upstream:track)%00%(upstream:remotename)%00%(upstream:remoteref) refs/heads/main refs/remotes/main [1ms]
2025-05-26 10:32:44.920 [warning] [Git][getBranch] No such branch: main
2025-05-26 10:32:44.941 [info] > git for-each-ref --sort -committerdate --format %(refname)%00%(objectname)%00%(*objectname) [2ms]
2025-05-26 10:32:44.941 [info] > git status -z -uall [12ms]
2025-05-26 10:32:45.959 [info] > git check-ignore -v -z --stdin [0ms]
2025-05-26 10:32:46.349 [info] [Git][getRemotes] No remotes found in the git config file
2025-05-26 10:32:46.349 [info] > git config --get commit.template [11ms]
2025-05-26 10:32:46.349 [info] > git for-each-ref --format=%(refname)%00%(upstream:short)%00%(objectname)%00%(upstream:track)%00%(upstream:remotename)%00%(upstream:remoteref) refs/heads/main refs/remotes/main [0ms]
2025-05-26 10:32:46.349 [warning] [Git][getBranch] No such branch: main
2025-05-26 10:32:46.371 [info] > git for-each-ref --sort -committerdate --format %(refname)%00%(objectname)%00%(*objectname) [1ms]
2025-05-26 10:32:46.372 [info] > git status -z -uall [13ms]
2025-05-26 10:32:48.438 [info] > git check-ignore -v -z --stdin [0ms]
2025-05-26 10:32:51.406 [info] > git config --get commit.template [0ms]
2025-05-26 10:32:51.415 [info] [Git][getRemotes] No remotes found in the git config file
2025-05-26 10:32:51.416 [info] > git for-each-ref --format=%(refname)%00%(upstream:short)%00%(objectname)%00%(upstream:track)%00%(upstream:remotename)%00%(upstream:remoteref) refs/heads/main refs/remotes/main [1ms]
2025-05-26 10:32:51.416 [warning] [Git][getBranch] No such branch: main
2025-05-26 10:32:51.438 [info] > git status -z -uall [12ms]
2025-05-26 10:32:51.438 [info] > git for-each-ref --sort -committerdate --format %(refname)%00%(objectname)%00%(*objectname) [2ms]
2025-05-26 10:32:56.485 [info] > git config --get commit.template [11ms]
2025-05-26 10:32:56.486 [info] [Git][getRemotes] No remotes found in the git config file
2025-05-26 10:32:56.486 [info] > git for-each-ref --format=%(refname)%00%(upstream:short)%00%(objectname)%00%(upstream:track)%00%(upstream:remotename)%00%(upstream:remoteref) refs/heads/main refs/remotes/main [1ms]
2025-05-26 10:32:56.486 [warning] [Git][getBranch] No such branch: main
2025-05-26 10:32:56.509 [info] > git for-each-ref --sort -committerdate --format %(refname)%00%(objectname)%00%(*objectname) [3ms]
2025-05-26 10:32:56.510 [info] > git status -z -uall [14ms]
2025-05-26 10:33:01.546 [info] > git config --get commit.template [1ms]
2025-05-26 10:33:01.557 [info] [Git][getRemotes] No remotes found in the git config file
2025-05-26 10:33:01.557 [info] > git for-each-ref --format=%(refname)%00%(upstream:short)%00%(objectname)%00%(upstream:track)%00%(upstream:remotename)%00%(upstream:remoteref) refs/heads/main refs/remotes/main [0ms]
2025-05-26 10:33:01.557 [warning] [Git][getBranch] No such branch: main
2025-05-26 10:33:01.579 [info] > git status -z -uall [12ms]
2025-05-26 10:33:01.579 [info] > git for-each-ref --sort -committerdate --format %(refname)%00%(objectname)%00%(*objectname) [1ms]
2025-05-26 10:33:11.401 [info] > git add -A -- . [7578ms]
2025-05-26 10:33:11.432 [info] > git -c user.useConfigOnly=true commit --quiet --allow-empty-message --file - [21ms]
2025-05-26 10:33:11.432 [info] Author identity unknown

*** Please tell me who you are.

Run

  git config --global user.email "you@example.com"
  git config --global user.name "Your Name"

to set your account's default identity.
Omit --global to set the identity only in this repository.

fatal: no email was given and auto-detection is disabled
2025-05-26 10:33:11.442 [info] > git config --get-all user.name [0ms]
2025-05-26 10:33:11.462 [info] [Git][getRemotes] No remotes found in the git config file
2025-05-26 10:33:11.462 [info] > git config --get commit.template [10ms]
2025-05-26 10:33:11.463 [info] > git for-each-ref --format=%(refname)%00%(upstream:short)%00%(objectname)%00%(upstream:track)%00%(upstream:remotename)%00%(upstream:remoteref) refs/heads/main refs/remotes/main [1ms]
2025-05-26 10:33:11.463 [warning] [Git][getBranch] No such branch: main
2025-05-26 10:33:11.484 [info] > git status -z -uall [11ms]
2025-05-26 10:33:11.484 [info] > git for-each-ref --sort -committerdate --format %(refname)%00%(objectname)%00%(*objectname) [1ms]
2025-05-26 10:33:11.523 [info] > git config --get commit.template [3ms]
2025-05-26 10:33:11.534 [info] [Git][getRemotes] No remotes found in the git config file
2025-05-26 10:33:11.535 [info] > git for-each-ref --format=%(refname)%00%(upstream:short)%00%(objectname)%00%(upstream:track)%00%(upstream:remotename)%00%(upstream:remoteref) refs/heads/main refs/remotes/main [1ms]
2025-05-26 10:33:11.535 [warning] [Git][getBranch] No such branch: main
2025-05-26 10:33:11.559 [info] > git for-each-ref --sort -committerdate --format %(refname)%00%(objectname)%00%(*objectname) [1ms]
2025-05-26 10:33:11.560 [info] > git status -z -uall [14ms]
2025-05-26 10:33:18.130 [info] [Git][getRemotes] No remotes found in the git config file
2025-05-26 10:33:18.131 [info] > git config --get commit.template [12ms]
2025-05-26 10:33:18.140 [info] > git for-each-ref --format=%(refname)%00%(upstream:short)%00%(objectname)%00%(upstream:track)%00%(upstream:remotename)%00%(upstream:remoteref) refs/heads/main refs/remotes/main [10ms]
2025-05-26 10:33:18.140 [warning] [Git][getBranch] No such branch: main
2025-05-26 10:33:18.167 [info] > git for-each-ref --sort -committerdate --format %(refname)%00%(objectname)%00%(*objectname) [3ms]
2025-05-26 10:33:18.168 [info] > git status -z -uall [17ms]
2025-05-26 10:33:23.217 [info] > git config --get commit.template [0ms]
2025-05-26 10:33:23.230 [info] [Git][getRemotes] No remotes found in the git config file
2025-05-26 10:33:23.230 [info] > git for-each-ref --format=%(refname)%00%(upstream:short)%00%(objectname)%00%(upstream:track)%00%(upstream:remotename)%00%(upstream:remoteref) refs/heads/main refs/remotes/main [0ms]
2025-05-26 10:33:23.230 [warning] [Git][getBranch] No such branch: main
2025-05-26 10:33:23.256 [info] > git for-each-ref --sort -committerdate --format %(refname)%00%(objectname)%00%(*objectname) [1ms]
2025-05-26 10:33:23.258 [info] > git status -z -uall [16ms]
2025-05-26 10:33:28.307 [info] [Git][getRemotes] No remotes found in the git config file
2025-05-26 10:33:28.308 [info] > git for-each-ref --format=%(refname)%00%(upstream:short)%00%(objectname)%00%(upstream:track)%00%(upstream:remotename)%00%(upstream:remoteref) refs/heads/main refs/remotes/main [1ms]
2025-05-26 10:33:28.308 [warning] [Git][getBranch] No such branch: main
2025-05-26 10:33:28.308 [info] > git config --get commit.template [10ms]
2025-05-26 10:33:28.334 [info] > git status -z -uall [15ms]
2025-05-26 10:33:28.334 [info] > git for-each-ref --sort -committerdate --format %(refname)%00%(objectname)%00%(*objectname) [2ms]
2025-05-26 10:33:33.380 [info] [Git][getRemotes] No remotes found in the git config file
2025-05-26 10:33:33.380 [info] > git config --get commit.template [9ms]
2025-05-26 10:33:33.380 [info] > git for-each-ref --format=%(refname)%00%(upstream:short)%00%(objectname)%00%(upstream:track)%00%(upstream:remotename)%00%(upstream:remoteref) refs/heads/main refs/remotes/main [0ms]
2025-05-26 10:33:33.381 [warning] [Git][getBranch] No such branch: main
2025-05-26 10:33:33.407 [info] > git for-each-ref --sort -committerdate --format %(refname)%00%(objectname)%00%(*objectname) [2ms]
2025-05-26 10:33:33.408 [info] > git status -z -uall [17ms]
2025-05-26 10:33:37.945 [info] > git for-each-ref --sort -committerdate --format %(refname)%00%(objectname)%00%(*objectname)%00%(parent)%00%(*parent)%00%(authorname)%00%(*authorname)%00%(committerdate:unix)%00%(*committerdate:unix)%00%(subject)%00%(*subject)%00%(upstream:track) [0ms]
2025-05-26 10:33:38.445 [info] > git config --get commit.template [1ms]
2025-05-26 10:33:38.453 [info] [Git][getRemotes] No remotes found in the git config file
2025-05-26 10:33:38.453 [info] > git for-each-ref --format=%(refname)%00%(upstream:short)%00%(objectname)%00%(upstream:track)%00%(upstream:remotename)%00%(upstream:remoteref) refs/heads/main refs/remotes/main [0ms]
2025-05-26 10:33:38.453 [warning] [Git][getBranch] No such branch: main
2025-05-26 10:33:38.474 [info] > git for-each-ref --sort -committerdate --format %(refname)%00%(objectname)%00%(*objectname) [1ms]
2025-05-26 10:33:38.475 [info] > git status -z -uall [12ms]
2025-05-26 10:33:40.139 [info] > git for-each-ref --sort -committerdate --format %(refname)%00%(objectname)%00%(*objectname)%00%(parent)%00%(*parent)%00%(authorname)%00%(*authorname)%00%(committerdate:unix)%00%(*committerdate:unix)%00%(subject)%00%(*subject)%00%(upstream:track) [1ms]
2025-05-26 10:33:43.515 [info] > git config --get commit.template [1ms]
2025-05-26 10:33:43.526 [info] [Git][getRemotes] No remotes found in the git config file
2025-05-26 10:33:43.527 [info] > git for-each-ref --format=%(refname)%00%(upstream:short)%00%(objectname)%00%(upstream:track)%00%(upstream:remotename)%00%(upstream:remoteref) refs/heads/main refs/remotes/main [1ms]
2025-05-26 10:33:43.527 [warning] [Git][getBranch] No such branch: main
2025-05-26 10:33:43.557 [info] > git for-each-ref --sort -committerdate --format %(refname)%00%(objectname)%00%(*objectname) [1ms]
2025-05-26 10:33:43.557 [info] > git status -z -uall [14ms]
2025-05-26 10:33:48.486 [info] > git -c user.useConfigOnly=true commit --quiet --allow-empty-message --file - [6ms]
2025-05-26 10:33:48.486 [info] Author identity unknown

*** Please tell me who you are.

Run

  git config --global user.email "you@example.com"
  git config --global user.name "Your Name"

to set your account's default identity.
Omit --global to set the identity only in this repository.

fatal: no email was given and auto-detection is disabled
2025-05-26 10:33:48.497 [info] > git config --get-all user.name [1ms]
2025-05-26 10:33:48.517 [info] [Git][getRemotes] No remotes found in the git config file
2025-05-26 10:33:48.517 [info] > git config --get commit.template [10ms]
2025-05-26 10:33:48.526 [info] > git for-each-ref --format=%(refname)%00%(upstream:short)%00%(objectname)%00%(upstream:track)%00%(upstream:remotename)%00%(upstream:remoteref) refs/heads/main refs/remotes/main [9ms]
2025-05-26 10:33:48.526 [warning] [Git][getBranch] No such branch: main
2025-05-26 10:33:48.557 [info] > git for-each-ref --sort -committerdate --format %(refname)%00%(objectname)%00%(*objectname) [1ms]
2025-05-26 10:33:48.558 [info] > git status -z -uall [17ms]
2025-05-26 10:33:48.591 [info] > git config --get commit.template [3ms]
2025-05-26 10:33:48.602 [info] [Git][getRemotes] No remotes found in the git config file
2025-05-26 10:33:48.603 [info] > git for-each-ref --format=%(refname)%00%(upstream:short)%00%(objectname)%00%(upstream:track)%00%(upstream:remotename)%00%(upstream:remoteref) refs/heads/main refs/remotes/main [1ms]
2025-05-26 10:33:48.603 [warning] [Git][getBranch] No such branch: main
2025-05-26 10:33:48.627 [info] > git for-each-ref --sort -committerdate --format %(refname)%00%(objectname)%00%(*objectname) [1ms]
2025-05-26 10:33:48.627 [info] > git status -z -uall [13ms]
2025-05-26 10:33:53.669 [info] [Git][getRemotes] No remotes found in the git config file
2025-05-26 10:33:53.669 [info] > git config --get commit.template [10ms]
2025-05-26 10:33:53.670 [info] > git for-each-ref --format=%(refname)%00%(upstream:short)%00%(objectname)%00%(upstream:track)%00%(upstream:remotename)%00%(upstream:remoteref) refs/heads/main refs/remotes/main [1ms]
2025-05-26 10:33:53.670 [warning] [Git][getBranch] No such branch: main
2025-05-26 10:33:53.697 [info] > git for-each-ref --sort -committerdate --format %(refname)%00%(objectname)%00%(*objectname) [1ms]
2025-05-26 10:33:53.698 [info] > git status -z -uall [14ms]
2025-05-26 10:33:54.209 [info] > git log --format=%H%n%aN%n%aE%n%at%n%ct%n%P%n%D%n%B -z --shortstat --diff-merges=first-parent -n50 --skip=0 --topo-order --decorate=full --stdin [1ms]
2025-05-26 10:33:54.209 [info] fatal: bad revision 'refs/heads/main'
2025-05-26 10:33:54.209 [error] [GitHistoryProvider][provideHistoryItems] Failed to get history items with options '{"historyItemRefs":["refs/heads/main"],"limit":50,"skip":0}': Failed to execute git {
  "exitCode": 128,
  "gitCommand": "log",
  "stdout": "",
  "stderr": "fatal: bad revision 'refs/heads/main'\n"
}
2025-05-26 10:34:06.175 [warning] [Git][getHEAD] Failed to parse HEAD file: ENOENT: no such file or directory, open '/home/waturrr/.config/.git/HEAD'
2025-05-26 10:34:06.187 [warning] [Git][getRemotes] Error: ENOENT: no such file or directory, open '/home/waturrr/.config/.git/config'
2025-05-26 10:34:06.199 [info] > git remote --verbose [11ms]
2025-05-26 10:34:06.199 [info] fatal: not a git repository (or any of the parent directories): .git
2025-05-26 10:34:06.203 [info] > git symbolic-ref --short HEAD [28ms]
2025-05-26 10:34:06.203 [info] fatal: not a git repository (or any of the parent directories): .git
2025-05-26 10:34:06.228 [warning] [Git][getHEAD] Failed to parse HEAD file: ENOENT: no such file or directory, open '/home/waturrr/.config/.git/HEAD'
2025-05-26 10:34:06.240 [warning] [Git][getRemotes] Error: ENOENT: no such file or directory, open '/home/waturrr/.config/.git/config'
2025-05-26 10:34:06.251 [info] > git config --get commit.template [53ms]
2025-05-26 10:34:06.252 [info] > git config --get commit.template [1ms]
2025-05-26 10:34:06.252 [info] > git remote --verbose [12ms]
2025-05-26 10:34:06.252 [info] fatal: not a git repository (or any of the parent directories): .git
2025-05-26 10:34:06.252 [info] > git symbolic-ref --short HEAD [24ms]
2025-05-26 10:34:06.252 [info] fatal: not a git repository (or any of the parent directories): .git
2025-05-26 10:34:06.264 [info] > git rev-parse HEAD [49ms]
2025-05-26 10:34:06.264 [info] fatal: not a git repository (or any of the parent directories): .git
2025-05-26 10:34:06.264 [info] > git rev-parse HEAD [0ms]
2025-05-26 10:34:06.264 [info] fatal: not a git repository (or any of the parent directories): .git
